Using pre-set license
Built from '2022.3/staging' branch; Version is '2022.3.44f1 (c3ae09b9f03c) revision 12824073'; Using compiler version '192829333'; Build Type 'Release'
OS: 'Windows 11  (10.0.22631) 64bit Professional' Language: 'tr' Physical Memory: 15791 MB
BatchMode: 1, IsHumanControllingUs: 0, StartBugReporterOnCrash: 0, Is64bit: 1, IsPro: 1

COMMAND LINE ARGUMENTS:
C:\Program Files\Unity\Hub\Editor\2022.3.44f1\Editor\Unity.exe
-adb2
-batchMode
-noUpm
-name
AssetImportWorker8
-projectPath
C:/Users/enesa/OneDrive/Belgeler/GitHub/ShoppingSimulator/Shopping Simulator
-logFile
Logs/AssetImportWorker8.log
-srvPort
59178
Successfully changed project path to: C:/Users/enesa/OneDrive/Belgeler/GitHub/ShoppingSimulator/Shopping Simulator
C:/Users/enesa/OneDrive/Belgeler/GitHub/ShoppingSimulator/Shopping Simulator
[UnityMemory] Configuration Parameters - Can be set up in boot.config
    "memorysetup-bucket-allocator-granularity=16"
    "memorysetup-bucket-allocator-bucket-count=8"
    "memorysetup-bucket-allocator-block-size=33554432"
    "memorysetup-bucket-allocator-block-count=8"
    "memorysetup-main-allocator-block-size=16777216"
    "memorysetup-thread-allocator-block-size=16777216"
    "memorysetup-gfx-main-allocator-block-size=16777216"
    "memorysetup-gfx-thread-allocator-block-size=16777216"
    "memorysetup-cache-allocator-block-size=4194304"
    "memorysetup-typetree-allocator-block-size=2097152"
    "memorysetup-profiler-bucket-allocator-granularity=16"
    "memorysetup-profiler-bucket-allocator-bucket-count=8"
    "memorysetup-profiler-bucket-allocator-block-size=33554432"
    "memorysetup-profiler-bucket-allocator-block-count=8"
    "memorysetup-profiler-allocator-block-size=16777216"
    "memorysetup-profiler-editor-allocator-block-size=1048576"
    "memorysetup-temp-allocator-size-main=16777216"
    "memorysetup-job-temp-allocator-block-size=2097152"
    "memorysetup-job-temp-allocator-block-size-background=1048576"
    "memorysetup-job-temp-allocator-reduction-small-platforms=262144"
    "memorysetup-allocator-temp-initial-block-size-main=262144"
    "memorysetup-allocator-temp-initial-block-size-worker=262144"
    "memorysetup-temp-allocator-size-background-worker=32768"
    "memorysetup-temp-allocator-size-job-worker=262144"
    "memorysetup-temp-allocator-size-preload-manager=33554432"
    "memorysetup-temp-allocator-size-nav-mesh-worker=65536"
    "memorysetup-temp-allocator-size-audio-worker=65536"
    "memorysetup-temp-allocator-size-cloud-worker=32768"
    "memorysetup-temp-allocator-size-gi-baking-worker=262144"
    "memorysetup-temp-allocator-size-gfx=262144"
Player connection [27348]  Target information:

Player connection [27348]  * "[IP] 10.63.146.71 [Port] 0 [Flags] 2 [Guid] 2605696914 [EditorId] 2605696914 [Version] 1048832 [Id] WindowsEditor(7,Asus) [Debug] 1 [PackageName] WindowsEditor [ProjectName] Editor" 

Player connection [27348] Host joined multi-casting on [225.0.0.222:54997]...
Player connection [27348] Host joined alternative multi-casting on [225.0.0.222:34997]...
[PhysX] Initialized MultithreadedTaskDispatcher with 16 workers.
Refreshing native plugins compatible for Editor in 10.15 ms, found 3 plugins.
Preloading 0 native plugins for Editor in 0.00 ms.
Initialize engine version: 2022.3.44f1 (c3ae09b9f03c)
[Subsystems] Discovering subsystems at path C:/Program Files/Unity/Hub/Editor/2022.3.44f1/Editor/Data/Resources/UnitySubsystems
[Subsystems] Discovering subsystems at path C:/Users/enesa/OneDrive/Belgeler/GitHub/ShoppingSimulator/Shopping Simulator/Assets
GfxDevice: creating device client; threaded=0; jobified=0
Direct3D:
    Version:  Direct3D 11.0 [level 11.1]
    Renderer: NVIDIA GeForce RTX 3050 Laptop GPU (ID=0x25a2)
    Vendor:   NVIDIA
    VRAM:     3964 MB
    Driver:   32.0.15.6607
Initialize mono
Mono path[0] = 'C:/Program Files/Unity/Hub/Editor/2022.3.44f1/Editor/Data/Managed'
Mono path[1] = 'C:/Program Files/Unity/Hub/Editor/2022.3.44f1/Editor/Data/MonoBleedingEdge/lib/mono/unityjit-win32'
Mono config path = 'C:/Program Files/Unity/Hub/Editor/2022.3.44f1/Editor/Data/MonoBleedingEdge/etc'
Using monoOptions --debugger-agent=transport=dt_socket,embedding=1,server=y,suspend=n,address=127.0.0.1:56804
Begin MonoManager ReloadAssembly
Registering precompiled unity dll's ...
Register platform support module: C:/Program Files/Unity/Hub/Editor/2022.3.44f1/Editor/Data/PlaybackEngines/AndroidPlayer/UnityEditor.Android.Extensions.dll
Register platform support module: C:/Program Files/Unity/Hub/Editor/2022.3.44f1/Editor/Data/PlaybackEngines/iOSSupport/UnityEditor.iOS.Extensions.dll
Register platform support module: C:/Program Files/Unity/Hub/Editor/2022.3.44f1/Editor/Data/PlaybackEngines/WindowsStandaloneSupport/UnityEditor.WindowsStandalone.Extensions.dll
Registered in 0.007838 seconds.
- Loaded All Assemblies, in  0.358 seconds
Native extension for WindowsStandalone target not found
[usbmuxd] Start listen thread
[usbmuxd] Listen thread started
Native extension for iOS target not found
Native extension for Android target not found
Android SDK Build-tools component is not found. Make sure all tools are installed in the SDK manager.
UnityEngine.StackTraceUtility:ExtractStackTrace ()
UnityEngine.DebugLogHandler:LogFormat (UnityEngine.LogType,UnityEngine.Object,string,object[])
UnityEngine.Logger:Log (UnityEngine.LogType,object)
UnityEngine.Debug:LogError (object)
UnityEditor.Android.AndroidSDKTools:UpdateToolsDirectories ()
UnityEditor.Android.AndroidSDKTools:.ctor (string)
UnityEditor.Android.AndroidSDKTools:CreateAndroidSDKTools (string)
UnityEditor.Android.AndroidSDKTools:GetInstance<UnityEditor.Android.AndroidSDKTools> (UnityEditor.Android.AndroidSDKTools/InstanceCreator)
UnityEditor.Android.AndroidSDKTools:GetInstance ()
UnityEditor.Android.AndroidDeploymentTargetsExtension:GetMainThreadContext (bool)
UnityEditor.Android.TargetExtension:OnUsbDevicesChanged (UnityEditor.Hardware.UsbDevice[])
UnityEditor.Android.TargetExtension:OnLoad ()
UnityEditor.Modules.ModuleManager:InitializePlatformSupportModules ()

Android Extension - Scanning For ADB Devices 266 ms
Mono: successfully reloaded assembly
- Finished resetting the current domain, in  0.553 seconds
Domain Reload Profiling: 910ms
	BeginReloadAssembly (115ms)
		ExecutionOrderSort (0ms)
		DisableScriptedObjects (0ms)
		BackupInstance (0ms)
		ReleaseScriptingObjects (0ms)
		CreateAndSetChildDomain (1ms)
	RebuildCommonClasses (35ms)
	RebuildNativeTypeToScriptingClass (11ms)
	initialDomainReloadingComplete (54ms)
	LoadAllAssembliesAndSetupDomain (142ms)
		LoadAssemblies (113ms)
		RebuildTransferFunctionScriptingTraits (0ms)
		AnalyzeDomain (139ms)
			TypeCache.Refresh (138ms)
				TypeCache.ScanAssembly (125ms)
			ScanForSourceGeneratedMonoScriptInfo (0ms)
			ResolveRequiredComponents (0ms)
	FinalizeReload (554ms)
		ReleaseScriptCaches (0ms)
		RebuildScriptCaches (0ms)
		SetupLoadedEditorAssemblies (511ms)
			LogAssemblyErrors (0ms)
			InitializePlatformSupportModulesInManaged (353ms)
			SetLoadedEditorAssemblies (4ms)
			RefreshPlugins (0ms)
			BeforeProcessingInitializeOnLoad (2ms)
			ProcessInitializeOnLoadAttributes (110ms)
			ProcessInitializeOnLoadMethodAttributes (42ms)
			AfterProcessingInitializeOnLoad (0ms)
			EditorAssembliesLoaded (0ms)
		ExecutionOrderSort2 (0ms)
		AwakeInstancesAfterBackupRestoration (0ms)
========================================================================
Worker process is ready to serve import requests
Caller must complete domain reload
Begin MonoManager ReloadAssembly
- Loaded All Assemblies, in  0.662 seconds
Native extension for WindowsStandalone target not found
Native extension for iOS target not found
Native extension for Android target not found
Mono: successfully reloaded assembly
Package Manager log level set to [2]
[Package Manager] Server::EnsureServerProcessIsRunning -- launch failed, reason: Unity was launched with the -noUpm command-line argument
[Package Manager] UpmClient::Send -- Unable to send message (not connected to UPM process).
[Package Manager] Cannot connect to Unity Package Manager local server
[Package Manager] Server::EnsureServerProcessIsRunning -- launch failed, reason: Unity was launched with the -noUpm command-line argument
[Package Manager] UpmClient::Send -- Unable to send message (not connected to UPM process).
[Package Manager] Cannot connect to Unity Package Manager local server
- Finished resetting the current domain, in  0.681 seconds
Domain Reload Profiling: 1340ms
	BeginReloadAssembly (143ms)
		ExecutionOrderSort (0ms)
		DisableScriptedObjects (5ms)
		BackupInstance (0ms)
		ReleaseScriptingObjects (0ms)
		CreateAndSetChildDomain (25ms)
	RebuildCommonClasses (39ms)
	RebuildNativeTypeToScriptingClass (11ms)
	initialDomainReloadingComplete (41ms)
	LoadAllAssembliesAndSetupDomain (425ms)
		LoadAssemblies (355ms)
		RebuildTransferFunctionScriptingTraits (0ms)
		AnalyzeDomain (152ms)
			TypeCache.Refresh (129ms)
				TypeCache.ScanAssembly (113ms)
			ScanForSourceGeneratedMonoScriptInfo (15ms)
			ResolveRequiredComponents (6ms)
	FinalizeReload (682ms)
		ReleaseScriptCaches (0ms)
		RebuildScriptCaches (0ms)
		SetupLoadedEditorAssemblies (535ms)
			LogAssemblyErrors (0ms)
			InitializePlatformSupportModulesInManaged (28ms)
			SetLoadedEditorAssemblies (3ms)
			RefreshPlugins (0ms)
			BeforeProcessingInitializeOnLoad (73ms)
			ProcessInitializeOnLoadAttributes (406ms)
			ProcessInitializeOnLoadMethodAttributes (20ms)
			AfterProcessingInitializeOnLoad (5ms)
			EditorAssembliesLoaded (0ms)
		ExecutionOrderSort2 (0ms)
		AwakeInstancesAfterBackupRestoration (5ms)
Launched and connected shader compiler UnityShaderCompiler.exe after 0.05 seconds
Refreshing native plugins compatible for Editor in 5.84 ms, found 3 plugins.
Preloading 0 native plugins for Editor in 0.00 ms.
Unloading 3583 Unused Serialized files (Serialized files now loaded: 0)
Unloading 33 unused Assets / (137.5 KB). Loaded Objects now: 4056.
Memory consumption went from 135.0 MB to 134.8 MB.
Total: 3.713000 ms (FindLiveObjects: 0.339300 ms CreateObjectMapping: 0.133800 ms MarkObjects: 3.071000 ms  DeleteObjects: 0.167200 ms)

AssetImportParameters requested are different than current active one (requested -> active):
  custom:container-demuxer-ogg: 62fdf1f143b41e24485cea50d1cbac27 -> 
  custom:video-decoder-ogg-theora: a1e56fd34408186e4bbccfd4996cb3dc -> 
  custom:framework-win-MediaFoundation: 216162199b28c13a410421893ffa2e32 -> 
  custom:CustomObjectIndexerAttribute: 9a22284fe3817be447336de3de66b15e -> 
  custom:container-demuxer-webm: 4f35f7cbe854078d1ac9338744f61a02 -> 
  custom:container-muxer-webm: aa71ff27fc2769a1b78a27578f13a17b -> 
  custom:video-decoder-webm-vp8: 9c59270c3fd7afecdb556c50c9e8de78 -> 
  custom:SearchIndexIgnoredProperties: e643bd26f0fe6173181afceb89e7c659 -> 
  custom:AudioImporter_EditorPlatform: d09bf68614088b80899f8185d706f6e7 -> 
  custom:video-encoder-webm-vp8: eb34c28f22e8b96e1ab97ce403110664 -> 
  custom:audio-decoder-ogg-vorbis: bf7c407c2cedff20999df2af8eb42d56 -> 
  custom:audio-encoder-webm-vorbis: bf7c407c2cedff20999df2af8eb42d56 -> 
========================================================================
Received Import Request.
  Time since last request: 465389.789115 seconds.
  path: Assets/CheckoutFrenzy/Prefabs/CheckoutCounter.prefab
  artifactKey: Guid(07156a51080ec324ea8e716174f9b1c5) Importer(815301076,1909f56bfc062723c751e8b465ee728b)
Start importing Assets/CheckoutFrenzy/Prefabs/CheckoutCounter.prefab using Guid(07156a51080ec324ea8e716174f9b1c5) Importer(815301076,1909f56bfc062723c751e8b465ee728b) [PhysX] Initialized MultithreadedTaskDispatcher with 16 workers.
[PhysX] Initialized MultithreadedTaskDispatcher with 16 workers.
 -> (artifact id: 'c1c726fcc796b108076ed3722fa5e31a') in 0.270591 seconds
Number of updated asset objects reloaded before import = 0
Number of asset objects unloaded after import = 293
========================================================================
Received Import Request.
  Time since last request: 3.094209 seconds.
  path: Assets/CheckoutFrenzy/Prefabs/Buildings/Floor.prefab
  artifactKey: Guid(9768cc27d85cd854db8e10e615dceb85) Importer(815301076,1909f56bfc062723c751e8b465ee728b)
Start importing Assets/CheckoutFrenzy/Prefabs/Buildings/Floor.prefab using Guid(9768cc27d85cd854db8e10e615dceb85) Importer(815301076,1909f56bfc062723c751e8b465ee728b) [PhysX] Initialized MultithreadedTaskDispatcher with 16 workers.
[PhysX] Initialized MultithreadedTaskDispatcher with 16 workers.
 -> (artifact id: '46cf492cb9123311f7b17aa4a4799369') in 0.028254 seconds
Number of updated asset objects reloaded before import = 0
Number of asset objects unloaded after import = 10
========================================================================
Received Import Request.
  Time since last request: 0.000026 seconds.
  path: Assets/CheckoutFrenzy/Prefabs/Buildings/Wall_Partition.prefab
  artifactKey: Guid(00daf71afaa362845bbeef2a54e2854a) Importer(815301076,1909f56bfc062723c751e8b465ee728b)
Start importing Assets/CheckoutFrenzy/Prefabs/Buildings/Wall_Partition.prefab using Guid(00daf71afaa362845bbeef2a54e2854a) Importer(815301076,1909f56bfc062723c751e8b465ee728b) [PhysX] Initialized MultithreadedTaskDispatcher with 16 workers.
[PhysX] Initialized MultithreadedTaskDispatcher with 16 workers.
 -> (artifact id: '55437d36198bca1a7f3eba33e8be5703') in 0.045364 seconds
Number of updated asset objects reloaded before import = 0
Number of asset objects unloaded after import = 10
========================================================================
Received Import Request.
  Time since last request: 0.778161 seconds.
  path: Assets/CheckoutFrenzy/Prefabs/Cars/NormalCar1.prefab
  artifactKey: Guid(947002c207590e444aecd87f57cd1050) Importer(815301076,1909f56bfc062723c751e8b465ee728b)
Start importing Assets/CheckoutFrenzy/Prefabs/Cars/NormalCar1.prefab using Guid(947002c207590e444aecd87f57cd1050) Importer(815301076,1909f56bfc062723c751e8b465ee728b) [PhysX] Initialized MultithreadedTaskDispatcher with 16 workers.
[PhysX] Initialized MultithreadedTaskDispatcher with 16 workers.
Refreshing native plugins compatible for Editor in 8.14 ms, found 3 plugins.
Preloading 0 native plugins for Editor in 0.00 ms.
 -> (artifact id: 'e5624ba508f9cbbc0d8c5b3dadfb034a') in 0.038657 seconds
Number of updated asset objects reloaded before import = 0
Number of asset objects unloaded after import = 61
========================================================================
Received Import Request.
  Time since last request: 8.838456 seconds.
  path: Assets/CheckoutFrenzy/Prefabs/CityKit/large_buildingB.prefab
  artifactKey: Guid(e0443f34c0d36e140b7eb67a3ae2fab5) Importer(815301076,1909f56bfc062723c751e8b465ee728b)
Start importing Assets/CheckoutFrenzy/Prefabs/CityKit/large_buildingB.prefab using Guid(e0443f34c0d36e140b7eb67a3ae2fab5) Importer(815301076,1909f56bfc062723c751e8b465ee728b) [PhysX] Initialized MultithreadedTaskDispatcher with 16 workers.
[PhysX] Initialized MultithreadedTaskDispatcher with 16 workers.
 -> (artifact id: '99bb18f9f50be42ef8ab22453877b456') in 0.025035 seconds
Number of updated asset objects reloaded before import = 0
Number of asset objects unloaded after import = 12
========================================================================
Received Import Request.
  Time since last request: 0.000027 seconds.
  path: Assets/CheckoutFrenzy/Prefabs/CityKit/low_buildingB.prefab
  artifactKey: Guid(39e5a774d80259140b8b5d425d5584dc) Importer(815301076,1909f56bfc062723c751e8b465ee728b)
Start importing Assets/CheckoutFrenzy/Prefabs/CityKit/low_buildingB.prefab using Guid(39e5a774d80259140b8b5d425d5584dc) Importer(815301076,1909f56bfc062723c751e8b465ee728b) [PhysX] Initialized MultithreadedTaskDispatcher with 16 workers.
[PhysX] Initialized MultithreadedTaskDispatcher with 16 workers.
 -> (artifact id: '086fdcd6acef2c0434486bb46ba6a1b4') in 0.023575 seconds
Number of updated asset objects reloaded before import = 0
Number of asset objects unloaded after import = 9
========================================================================
Received Import Request.
  Time since last request: 0.000038 seconds.
  path: Assets/CheckoutFrenzy/Prefabs/CityKit/low_buildingA.prefab
  artifactKey: Guid(0a4a4fc70028c4246898bb6895b27253) Importer(815301076,1909f56bfc062723c751e8b465ee728b)
Start importing Assets/CheckoutFrenzy/Prefabs/CityKit/low_buildingA.prefab using Guid(0a4a4fc70028c4246898bb6895b27253) Importer(815301076,1909f56bfc062723c751e8b465ee728b) [PhysX] Initialized MultithreadedTaskDispatcher with 16 workers.
[PhysX] Initialized MultithreadedTaskDispatcher with 16 workers.
 -> (artifact id: '637fed96383b90a0de7a95344e65171f') in 0.018837 seconds
Number of updated asset objects reloaded before import = 0
Number of asset objects unloaded after import = 9
========================================================================
Received Import Request.
  Time since last request: 0.000023 seconds.
  path: Assets/CheckoutFrenzy/Prefabs/CityKit/low_buildingG.prefab
  artifactKey: Guid(497ee6d7963a28c419e34e51dca91b2c) Importer(815301076,1909f56bfc062723c751e8b465ee728b)
Start importing Assets/CheckoutFrenzy/Prefabs/CityKit/low_buildingG.prefab using Guid(497ee6d7963a28c419e34e51dca91b2c) Importer(815301076,1909f56bfc062723c751e8b465ee728b) [PhysX] Initialized MultithreadedTaskDispatcher with 16 workers.
[PhysX] Initialized MultithreadedTaskDispatcher with 16 workers.
 -> (artifact id: '75013b39022450954e073eea54b211a5') in 0.030604 seconds
Number of updated asset objects reloaded before import = 0
Number of asset objects unloaded after import = 9
========================================================================
Received Import Request.
  Time since last request: 0.000028 seconds.
  path: Assets/CheckoutFrenzy/Prefabs/CityKit/low_wideA.prefab
  artifactKey: Guid(d717fa4254cfba744947e7f04e30fe36) Importer(815301076,1909f56bfc062723c751e8b465ee728b)
Start importing Assets/CheckoutFrenzy/Prefabs/CityKit/low_wideA.prefab using Guid(d717fa4254cfba744947e7f04e30fe36) Importer(815301076,1909f56bfc062723c751e8b465ee728b) [PhysX] Initialized MultithreadedTaskDispatcher with 16 workers.
[PhysX] Initialized MultithreadedTaskDispatcher with 16 workers.
 -> (artifact id: '8e3b5dc6441844bb03d7c6de2cacce44') in 0.030962 seconds
Number of updated asset objects reloaded before import = 0
Number of asset objects unloaded after import = 9
========================================================================
Received Import Request.
  Time since last request: 0.000031 seconds.
  path: Assets/CheckoutFrenzy/Prefabs/CityKit/small_buildingC.prefab
  artifactKey: Guid(196c68a9ec213be4eae41463b6b7ee35) Importer(815301076,1909f56bfc062723c751e8b465ee728b)
Start importing Assets/CheckoutFrenzy/Prefabs/CityKit/small_buildingC.prefab using Guid(196c68a9ec213be4eae41463b6b7ee35) Importer(815301076,1909f56bfc062723c751e8b465ee728b) [PhysX] Initialized MultithreadedTaskDispatcher with 16 workers.
[PhysX] Initialized MultithreadedTaskDispatcher with 16 workers.
 -> (artifact id: '921d6a343fb03eca373ec5fa58043cfb') in 0.027838 seconds
Number of updated asset objects reloaded before import = 0
Number of asset objects unloaded after import = 11
========================================================================
Received Import Request.
  Time since last request: 0.000036 seconds.
  path: Assets/CheckoutFrenzy/Prefabs/CityKit/low_wideB.prefab
  artifactKey: Guid(b18f0caa956268b42b598f9cfd8df72e) Importer(815301076,1909f56bfc062723c751e8b465ee728b)
Start importing Assets/CheckoutFrenzy/Prefabs/CityKit/low_wideB.prefab using Guid(b18f0caa956268b42b598f9cfd8df72e) Importer(815301076,1909f56bfc062723c751e8b465ee728b) [PhysX] Initialized MultithreadedTaskDispatcher with 16 workers.
[PhysX] Initialized MultithreadedTaskDispatcher with 16 workers.
 -> (artifact id: '87b9f2d4a068ce896357c0b57ffc3c4f') in 0.036355 seconds
Number of updated asset objects reloaded before import = 0
Number of asset objects unloaded after import = 9
========================================================================
Received Import Request.
  Time since last request: 0.000034 seconds.
  path: Assets/CheckoutFrenzy/Prefabs/CityKit/large_buildingG.prefab
  artifactKey: Guid(472e191719b668145b28f2d143d76186) Importer(815301076,1909f56bfc062723c751e8b465ee728b)
Start importing Assets/CheckoutFrenzy/Prefabs/CityKit/large_buildingG.prefab using Guid(472e191719b668145b28f2d143d76186) Importer(815301076,1909f56bfc062723c751e8b465ee728b) [PhysX] Initialized MultithreadedTaskDispatcher with 16 workers.
[PhysX] Initialized MultithreadedTaskDispatcher with 16 workers.
 -> (artifact id: '35150405199364cb0c6eac9ace777622') in 0.028962 seconds
Number of updated asset objects reloaded before import = 0
Number of asset objects unloaded after import = 11
========================================================================
Received Import Request.
  Time since last request: 4.275100 seconds.
  path: Assets/CheckoutFrenzy/Prefabs/Customers/Men/Beach.prefab
  artifactKey: Guid(a89e82b765934f04a97f721242458698) Importer(815301076,1909f56bfc062723c751e8b465ee728b)
Start importing Assets/CheckoutFrenzy/Prefabs/Customers/Men/Beach.prefab using Guid(a89e82b765934f04a97f721242458698) Importer(815301076,1909f56bfc062723c751e8b465ee728b) [PhysX] Initialized MultithreadedTaskDispatcher with 16 workers.
[PhysX] Initialized MultithreadedTaskDispatcher with 16 workers.
 -> (artifact id: '96aea9d49a358ab0042c0fd04016d19f') in 0.253244 seconds
Number of updated asset objects reloaded before import = 0
Number of asset objects unloaded after import = 197
========================================================================
Received Import Request.
  Time since last request: 0.597576 seconds.
  path: Assets/CheckoutFrenzy/Prefabs/Customers/Women/Casual.prefab
  artifactKey: Guid(30f782fef1b579a439846b2b357a4cc7) Importer(815301076,1909f56bfc062723c751e8b465ee728b)
Start importing Assets/CheckoutFrenzy/Prefabs/Customers/Women/Casual.prefab using Guid(30f782fef1b579a439846b2b357a4cc7) Importer(815301076,1909f56bfc062723c751e8b465ee728b) [PhysX] Initialized MultithreadedTaskDispatcher with 16 workers.
[PhysX] Initialized MultithreadedTaskDispatcher with 16 workers.
 -> (artifact id: 'af752327860dedd3ddb76dbe51b272b4') in 0.223287 seconds
Number of updated asset objects reloaded before import = 0
Number of asset objects unloaded after import = 197
========================================================================
Received Import Request.
  Time since last request: 1.416209 seconds.
  path: Assets/CheckoutFrenzy/Prefabs/Products/Banana.prefab
  artifactKey: Guid(20518720d0975c74a9dfe19b6392cd1e) Importer(815301076,1909f56bfc062723c751e8b465ee728b)
Start importing Assets/CheckoutFrenzy/Prefabs/Products/Banana.prefab using Guid(20518720d0975c74a9dfe19b6392cd1e) Importer(815301076,1909f56bfc062723c751e8b465ee728b) [PhysX] Initialized MultithreadedTaskDispatcher with 16 workers.
[PhysX] Initialized MultithreadedTaskDispatcher with 16 workers.
 -> (artifact id: 'bf39929eb935936f36ed8b493cd46001') in 0.022539 seconds
Number of updated asset objects reloaded before import = 0
Number of asset objects unloaded after import = 9
========================================================================
Received Import Request.
  Time since last request: 0.000024 seconds.
  path: Assets/CheckoutFrenzy/Prefabs/Products/Milk01.prefab
  artifactKey: Guid(b4edf0f2db9769247b4640368524ac19) Importer(815301076,1909f56bfc062723c751e8b465ee728b)
Start importing Assets/CheckoutFrenzy/Prefabs/Products/Milk01.prefab using Guid(b4edf0f2db9769247b4640368524ac19) Importer(815301076,1909f56bfc062723c751e8b465ee728b) [PhysX] Initialized MultithreadedTaskDispatcher with 16 workers.
[PhysX] Initialized MultithreadedTaskDispatcher with 16 workers.
 -> (artifact id: 'dbfd7d391a4f7f7c848c732c0b348cf3') in 0.025874 seconds
Number of updated asset objects reloaded before import = 0
Number of asset objects unloaded after import = 9
========================================================================
Received Import Request.
  Time since last request: 0.000043 seconds.
  path: Assets/CheckoutFrenzy/Prefabs/Products/Juice01_A.prefab
  artifactKey: Guid(97648bab931cde248acafe096a95d84b) Importer(815301076,1909f56bfc062723c751e8b465ee728b)
Start importing Assets/CheckoutFrenzy/Prefabs/Products/Juice01_A.prefab using Guid(97648bab931cde248acafe096a95d84b) Importer(815301076,1909f56bfc062723c751e8b465ee728b) [PhysX] Initialized MultithreadedTaskDispatcher with 16 workers.
[PhysX] Initialized MultithreadedTaskDispatcher with 16 workers.
 -> (artifact id: '7d78aa7fef65210838de531c33714dbc') in 0.030840 seconds
Number of updated asset objects reloaded before import = 0
Number of asset objects unloaded after import = 9
========================================================================
Received Import Request.
  Time since last request: 0.000044 seconds.
  path: Assets/CheckoutFrenzy/Prefabs/Products/Juice01_B.prefab
  artifactKey: Guid(9df58589832355d47ab2666583ba8716) Importer(815301076,1909f56bfc062723c751e8b465ee728b)
Start importing Assets/CheckoutFrenzy/Prefabs/Products/Juice01_B.prefab using Guid(9df58589832355d47ab2666583ba8716) Importer(815301076,1909f56bfc062723c751e8b465ee728b) [PhysX] Initialized MultithreadedTaskDispatcher with 16 workers.
[PhysX] Initialized MultithreadedTaskDispatcher with 16 workers.
 -> (artifact id: 'c85bd9dde034a685d7a5fc0d38879601') in 0.028949 seconds
Number of updated asset objects reloaded before import = 0
Number of asset objects unloaded after import = 9
========================================================================
Received Import Request.
  Time since last request: 0.000036 seconds.
  path: Assets/CheckoutFrenzy/Prefabs/Products/Sugar01.prefab
  artifactKey: Guid(35b8771c91e2e484a95b930c5461ff20) Importer(815301076,1909f56bfc062723c751e8b465ee728b)
Start importing Assets/CheckoutFrenzy/Prefabs/Products/Sugar01.prefab using Guid(35b8771c91e2e484a95b930c5461ff20) Importer(815301076,1909f56bfc062723c751e8b465ee728b) [PhysX] Initialized MultithreadedTaskDispatcher with 16 workers.
[PhysX] Initialized MultithreadedTaskDispatcher with 16 workers.
 -> (artifact id: '97832bb798a66fde3966b43e6cad0ce6') in 0.030601 seconds
Number of updated asset objects reloaded before import = 0
Number of asset objects unloaded after import = 9
========================================================================
Received Import Request.
  Time since last request: 0.000060 seconds.
  path: Assets/CheckoutFrenzy/Prefabs/Products/Cereal01_B.prefab
  artifactKey: Guid(e2954f145b4a40a48b080c993351000b) Importer(815301076,1909f56bfc062723c751e8b465ee728b)
Start importing Assets/CheckoutFrenzy/Prefabs/Products/Cereal01_B.prefab using Guid(e2954f145b4a40a48b080c993351000b) Importer(815301076,1909f56bfc062723c751e8b465ee728b) [PhysX] Initialized MultithreadedTaskDispatcher with 16 workers.
[PhysX] Initialized MultithreadedTaskDispatcher with 16 workers.
 -> (artifact id: '6adb67cddb8386677bd441998ff56ea1') in 0.029830 seconds
Number of updated asset objects reloaded before import = 0
Number of asset objects unloaded after import = 9
========================================================================
Received Import Request.
  Time since last request: 8.012196 seconds.
  path: Assets/CheckoutFrenzy/Prefabs/Props/FireHydrant.prefab
  artifactKey: Guid(9b1c4a00eded44743bd73e25d2cbfc6f) Importer(815301076,1909f56bfc062723c751e8b465ee728b)
Start importing Assets/CheckoutFrenzy/Prefabs/Props/FireHydrant.prefab using Guid(9b1c4a00eded44743bd73e25d2cbfc6f) Importer(815301076,1909f56bfc062723c751e8b465ee728b) [PhysX] Initialized MultithreadedTaskDispatcher with 16 workers.
[PhysX] Initialized MultithreadedTaskDispatcher with 16 workers.
 -> (artifact id: 'ed53846fb997331e32b2c92e4256cd2e') in 0.024089 seconds
Number of updated asset objects reloaded before import = 0
Number of asset objects unloaded after import = 10
========================================================================
Received Import Request.
  Time since last request: 0.000028 seconds.
  path: Assets/CheckoutFrenzy/Prefabs/Props/Tree01.prefab
  artifactKey: Guid(31bbc55f7ba7c084e90429b0093652f5) Importer(815301076,1909f56bfc062723c751e8b465ee728b)
Start importing Assets/CheckoutFrenzy/Prefabs/Props/Tree01.prefab using Guid(31bbc55f7ba7c084e90429b0093652f5) Importer(815301076,1909f56bfc062723c751e8b465ee728b) [PhysX] Initialized MultithreadedTaskDispatcher with 16 workers.
[PhysX] Initialized MultithreadedTaskDispatcher with 16 workers.
 -> (artifact id: '8246b6b61941ce8c67867b67c2002a7e') in 0.023837 seconds
Number of updated asset objects reloaded before import = 0
Number of asset objects unloaded after import = 10
========================================================================
Received Import Request.
  Time since last request: 3.299836 seconds.
  path: Assets/CheckoutFrenzy/Prefabs/Roads/Sidewalk.prefab
  artifactKey: Guid(73b536c4943f22f42bbcf48cd7782912) Importer(815301076,1909f56bfc062723c751e8b465ee728b)
Start importing Assets/CheckoutFrenzy/Prefabs/Roads/Sidewalk.prefab using Guid(73b536c4943f22f42bbcf48cd7782912) Importer(815301076,1909f56bfc062723c751e8b465ee728b) [PhysX] Initialized MultithreadedTaskDispatcher with 16 workers.
[PhysX] Initialized MultithreadedTaskDispatcher with 16 workers.
 -> (artifact id: '542175cb6ed1ad753e18440e80b32f72') in 0.024380 seconds
Number of updated asset objects reloaded before import = 0
Number of asset objects unloaded after import = 10
========================================================================
Received Import Request.
  Time since last request: 0.518193 seconds.
  path: Assets/CheckoutFrenzy/Prefabs/UI/ChatBubble.prefab
  artifactKey: Guid(fa13c004131cf044f9f1b5c64dcdb352) Importer(815301076,1909f56bfc062723c751e8b465ee728b)
Start importing Assets/CheckoutFrenzy/Prefabs/UI/ChatBubble.prefab using Guid(fa13c004131cf044f9f1b5c64dcdb352) Importer(815301076,1909f56bfc062723c751e8b465ee728b) [PhysX] Initialized MultithreadedTaskDispatcher with 16 workers.
 -> (artifact id: '24d4655cf376652abaefe1ab05500cd1') in 0.023975 seconds
Number of updated asset objects reloaded before import = 0
Number of asset objects unloaded after import = 21
========================================================================
Received Import Request.
  Time since last request: 3.907714 seconds.
  path: Assets/CheckoutFrenzy/Resources/Boxes/Box_50x50x30.prefab
  artifactKey: Guid(6ad69ebc1db2efc48b9a69f9c4f3f0d6) Importer(815301076,1909f56bfc062723c751e8b465ee728b)
Start importing Assets/CheckoutFrenzy/Resources/Boxes/Box_50x50x30.prefab using Guid(6ad69ebc1db2efc48b9a69f9c4f3f0d6) Importer(815301076,1909f56bfc062723c751e8b465ee728b) [PhysX] Initialized MultithreadedTaskDispatcher with 16 workers.
[PhysX] Initialized MultithreadedTaskDispatcher with 16 workers.
 -> (artifact id: '07e35acf7afe112ec5b2a60bd412c3e4') in 0.026177 seconds
Number of updated asset objects reloaded before import = 0
Number of asset objects unloaded after import = 25
========================================================================
Received Import Request.
  Time since last request: 0.640633 seconds.
  path: Assets/CheckoutFrenzy/Resources/Furnitures/Fridge01.prefab
  artifactKey: Guid(39517702b704802448fad10219df2fd4) Importer(815301076,1909f56bfc062723c751e8b465ee728b)
Start importing Assets/CheckoutFrenzy/Resources/Furnitures/Fridge01.prefab using Guid(39517702b704802448fad10219df2fd4) Importer(815301076,1909f56bfc062723c751e8b465ee728b) [PhysX] Initialized MultithreadedTaskDispatcher with 16 workers.
[PhysX] Initialized MultithreadedTaskDispatcher with 16 workers.
 -> (artifact id: 'ba9ca40acf11afc887c5f38ee43d2c45') in 0.140037 seconds
Number of updated asset objects reloaded before import = 0
Number of asset objects unloaded after import = 80
========================================================================
Received Import Request.
  Time since last request: 0.456457 seconds.
  path: Assets/CheckoutFrenzy/Resources/Licenses/License02.asset
  artifactKey: Guid(20c337e3e162190429b4088af4b1e862) Importer(815301076,1909f56bfc062723c751e8b465ee728b)
Start importing Assets/CheckoutFrenzy/Resources/Licenses/License02.asset using Guid(20c337e3e162190429b4088af4b1e862) Importer(815301076,1909f56bfc062723c751e8b465ee728b) [PhysX] Initialized MultithreadedTaskDispatcher with 16 workers.
 -> (artifact id: 'e071d45ba2fa956ee88935f9d43da744') in 0.013454 seconds
Number of updated asset objects reloaded before import = 0
Number of asset objects unloaded after import = 77
========================================================================
Received Import Request.
  Time since last request: 10.284262 seconds.
  path: Assets/CheckoutFrenzy/Resources/Missions/Mission002.asset
  artifactKey: Guid(fe5af27b2cb954e418b6489eb983632a) Importer(815301076,1909f56bfc062723c751e8b465ee728b)
Start importing Assets/CheckoutFrenzy/Resources/Missions/Mission002.asset using Guid(fe5af27b2cb954e418b6489eb983632a) Importer(815301076,1909f56bfc062723c751e8b465ee728b) [PhysX] Initialized MultithreadedTaskDispatcher with 16 workers.
 -> (artifact id: 'b84d65db668954b218d11cf5a0d523e5') in 0.002570 seconds
Number of updated asset objects reloaded before import = 0
Number of asset objects unloaded after import = 1
========================================================================
Received Import Request.
  Time since last request: 0.001456 seconds.
  path: Assets/CheckoutFrenzy/Resources/Missions/Mission005.asset
  artifactKey: Guid(9d7d77a1b520fde408a024397ecf7bcd) Importer(815301076,1909f56bfc062723c751e8b465ee728b)
Start importing Assets/CheckoutFrenzy/Resources/Missions/Mission005.asset using Guid(9d7d77a1b520fde408a024397ecf7bcd) Importer(815301076,1909f56bfc062723c751e8b465ee728b) [PhysX] Initialized MultithreadedTaskDispatcher with 16 workers.
 -> (artifact id: 'f18573846825463fb0b2202b1abdfab1') in 0.001405 seconds
Number of updated asset objects reloaded before import = 0
Number of asset objects unloaded after import = 1
========================================================================
Received Import Request.
  Time since last request: 11.858066 seconds.
  path: Assets/CheckoutFrenzy/Resources/Products/Banana.asset
  artifactKey: Guid(7ed03bd9441ce564cad32e9952552210) Importer(815301076,1909f56bfc062723c751e8b465ee728b)
Start importing Assets/CheckoutFrenzy/Resources/Products/Banana.asset using Guid(7ed03bd9441ce564cad32e9952552210) Importer(815301076,1909f56bfc062723c751e8b465ee728b) [PhysX] Initialized MultithreadedTaskDispatcher with 16 workers.
 -> (artifact id: 'd1f6964f0a1138d867b9f566e13dbbe0') in 0.004717 seconds
Number of updated asset objects reloaded before import = 0
Number of asset objects unloaded after import = 30
========================================================================
Received Import Request.
  Time since last request: 0.000048 seconds.
  path: Assets/CheckoutFrenzy/Resources/Products/Cereal01_B.asset
  artifactKey: Guid(bd4f5cc354b53af4ea4614384e93b1dc) Importer(815301076,1909f56bfc062723c751e8b465ee728b)
Start importing Assets/CheckoutFrenzy/Resources/Products/Cereal01_B.asset using Guid(bd4f5cc354b53af4ea4614384e93b1dc) Importer(815301076,1909f56bfc062723c751e8b465ee728b) [PhysX] Initialized MultithreadedTaskDispatcher with 16 workers.
 -> (artifact id: '6a159e1530166db397c694244059297a') in 0.005250 seconds
Number of updated asset objects reloaded before import = 0
Number of asset objects unloaded after import = 30
========================================================================
Received Import Request.
  Time since last request: 0.002778 seconds.
  path: Assets/CheckoutFrenzy/Resources/Products/IceCream01.asset
  artifactKey: Guid(8f671f94b557cef479974ebe83b9fa54) Importer(815301076,1909f56bfc062723c751e8b465ee728b)
Start importing Assets/CheckoutFrenzy/Resources/Products/IceCream01.asset using Guid(8f671f94b557cef479974ebe83b9fa54) Importer(815301076,1909f56bfc062723c751e8b465ee728b) [PhysX] Initialized MultithreadedTaskDispatcher with 16 workers.
 -> (artifact id: '5d88f18d9a229cd5eff9a8d319b61010') in 0.004302 seconds
Number of updated asset objects reloaded before import = 0
Number of asset objects unloaded after import = 30
========================================================================
Received Import Request.
  Time since last request: 0.000463 seconds.
  path: Assets/CheckoutFrenzy/Resources/Products/LightBulb01.asset
  artifactKey: Guid(172073ee7b2bda04eb5f9c349311f5ff) Importer(815301076,1909f56bfc062723c751e8b465ee728b)
Start importing Assets/CheckoutFrenzy/Resources/Products/LightBulb01.asset using Guid(172073ee7b2bda04eb5f9c349311f5ff) Importer(815301076,1909f56bfc062723c751e8b465ee728b) [PhysX] Initialized MultithreadedTaskDispatcher with 16 workers.
 -> (artifact id: 'a03a6cabfc6cac5b69820752ae9e364e') in 0.003770 seconds
Number of updated asset objects reloaded before import = 0
Number of asset objects unloaded after import = 30
========================================================================
Received Import Request.
  Time since last request: 0.001397 seconds.
  path: Assets/CheckoutFrenzy/Resources/Products/SlicedBread01.asset
  artifactKey: Guid(bded53a58205b034ca7fab26eb1205f9) Importer(815301076,1909f56bfc062723c751e8b465ee728b)
Start importing Assets/CheckoutFrenzy/Resources/Products/SlicedBread01.asset using Guid(bded53a58205b034ca7fab26eb1205f9) Importer(815301076,1909f56bfc062723c751e8b465ee728b) [PhysX] Initialized MultithreadedTaskDispatcher with 16 workers.
 -> (artifact id: '5acb8acc6fa7064cbbce411e8f57f6a4') in 0.004108 seconds
Number of updated asset objects reloaded before import = 0
Number of asset objects unloaded after import = 30
========================================================================
Received Import Request.
  Time since last request: 0.000032 seconds.
  path: Assets/CheckoutFrenzy/Resources/Products/Tomato.asset
  artifactKey: Guid(5f9aa0f904f154d4db70c44cd60affeb) Importer(815301076,1909f56bfc062723c751e8b465ee728b)
Start importing Assets/CheckoutFrenzy/Resources/Products/Tomato.asset using Guid(5f9aa0f904f154d4db70c44cd60affeb) Importer(815301076,1909f56bfc062723c751e8b465ee728b) [PhysX] Initialized MultithreadedTaskDispatcher with 16 workers.
 -> (artifact id: '37da44ddafbba0437f752212cb92ffc2') in 0.003757 seconds
Number of updated asset objects reloaded before import = 0
Number of asset objects unloaded after import = 30
========================================================================
Received Import Request.
  Time since last request: 281.728209 seconds.
  path: Assets/2D Game Design Mastery Fantasy Edition/Resources/Sprites/Icon/IconOverall/Icon_128/Icon_128_Cup_02.png
  artifactKey: Guid(390e458c1806545cdaed9d67b0fe6711) Importer(815301076,1909f56bfc062723c751e8b465ee728b)
Start importing Assets/2D Game Design Mastery Fantasy Edition/Resources/Sprites/Icon/IconOverall/Icon_128/Icon_128_Cup_02.png using Guid(390e458c1806545cdaed9d67b0fe6711) Importer(815301076,1909f56bfc062723c751e8b465ee728b) [PhysX] Initialized MultithreadedTaskDispatcher with 16 workers.
[PhysX] Initialized MultithreadedTaskDispatcher with 16 workers.
 -> (artifact id: 'b3c4be61a4a220d2e7fed1cd0f909edd') in 0.057517 seconds
Number of updated asset objects reloaded before import = 0
Number of asset objects unloaded after import = 3
========================================================================
Received Import Request.
  Time since last request: 0.000065 seconds.
  path: Assets/2D Game Design Mastery Fantasy Edition/Resources/Sprites/Icon/IconOverall/Icon_128/Icon_128_Egg_01.png
  artifactKey: Guid(2a4cd0f091e694c7aac84485758d3554) Importer(815301076,1909f56bfc062723c751e8b465ee728b)
Start importing Assets/2D Game Design Mastery Fantasy Edition/Resources/Sprites/Icon/IconOverall/Icon_128/Icon_128_Egg_01.png using Guid(2a4cd0f091e694c7aac84485758d3554) Importer(815301076,1909f56bfc062723c751e8b465ee728b) [PhysX] Initialized MultithreadedTaskDispatcher with 16 workers.
[PhysX] Initialized MultithreadedTaskDispatcher with 16 workers.
 -> (artifact id: '044c8c5a52a46365da338e775161c80c') in 0.036178 seconds
Number of updated asset objects reloaded before import = 0
Number of asset objects unloaded after import = 3
========================================================================
Received Import Request.
  Time since last request: 0.000039 seconds.
  path: Assets/2D Game Design Mastery Fantasy Edition/Resources/Sprites/Icon/IconOverall/Icon_128/Icon_128_Egg_02.png
  artifactKey: Guid(e8cf46a928c35421c9ca90b02ecd1cae) Importer(815301076,1909f56bfc062723c751e8b465ee728b)
Start importing Assets/2D Game Design Mastery Fantasy Edition/Resources/Sprites/Icon/IconOverall/Icon_128/Icon_128_Egg_02.png using Guid(e8cf46a928c35421c9ca90b02ecd1cae) Importer(815301076,1909f56bfc062723c751e8b465ee728b) [PhysX] Initialized MultithreadedTaskDispatcher with 16 workers.
[PhysX] Initialized MultithreadedTaskDispatcher with 16 workers.
 -> (artifact id: '0392f88aba6ebd9972058621368b9295') in 0.029684 seconds
Number of updated asset objects reloaded before import = 0
Number of asset objects unloaded after import = 3
========================================================================
Received Import Request.
  Time since last request: 0.108377 seconds.
  path: Assets/2D Game Design Mastery Fantasy Edition/Resources/Sprites/Icon/Equipment/icon_128_equip/Icon_128_Equip_Hat_01.Png
  artifactKey: Guid(445fc86f8a0d64d4fad742694686ea10) Importer(815301076,1909f56bfc062723c751e8b465ee728b)
Start importing Assets/2D Game Design Mastery Fantasy Edition/Resources/Sprites/Icon/Equipment/icon_128_equip/Icon_128_Equip_Hat_01.Png using Guid(445fc86f8a0d64d4fad742694686ea10) Importer(815301076,1909f56bfc062723c751e8b465ee728b) [PhysX] Initialized MultithreadedTaskDispatcher with 16 workers.
[PhysX] Initialized MultithreadedTaskDispatcher with 16 workers.
 -> (artifact id: '8cd5ff01493975c2cf81f532ff8baca3') in 0.025522 seconds
Number of updated asset objects reloaded before import = 0
Number of asset objects unloaded after import = 3
========================================================================
Received Import Request.
  Time since last request: 0.000021 seconds.
  path: Assets/2D Game Design Mastery Fantasy Edition/Resources/Sprites/Icon/Equipment/icon_128_equip/Icon_128_Equip_Hat_02.Png
  artifactKey: Guid(50f230650e0f64202b103a1403bc360c) Importer(815301076,1909f56bfc062723c751e8b465ee728b)
Start importing Assets/2D Game Design Mastery Fantasy Edition/Resources/Sprites/Icon/Equipment/icon_128_equip/Icon_128_Equip_Hat_02.Png using Guid(50f230650e0f64202b103a1403bc360c) Importer(815301076,1909f56bfc062723c751e8b465ee728b) [PhysX] Initialized MultithreadedTaskDispatcher with 16 workers.
[PhysX] Initialized MultithreadedTaskDispatcher with 16 workers.
 -> (artifact id: '180db4d48f6e970c97bd6d0405d5e99f') in 0.026341 seconds
Number of updated asset objects reloaded before import = 0
Number of asset objects unloaded after import = 3
========================================================================
Received Import Request.
  Time since last request: 0.000026 seconds.
  path: Assets/2D Game Design Mastery Fantasy Edition/Resources/Sprites/Icon/Equipment/icon_128_equip/Icon_128_Equip_Hat_06.Png
  artifactKey: Guid(6ce93abd5bdf749a88210c6733cd989b) Importer(815301076,1909f56bfc062723c751e8b465ee728b)
Start importing Assets/2D Game Design Mastery Fantasy Edition/Resources/Sprites/Icon/Equipment/icon_128_equip/Icon_128_Equip_Hat_06.Png using Guid(6ce93abd5bdf749a88210c6733cd989b) Importer(815301076,1909f56bfc062723c751e8b465ee728b) [PhysX] Initialized MultithreadedTaskDispatcher with 16 workers.
[PhysX] Initialized MultithreadedTaskDispatcher with 16 workers.
 -> (artifact id: 'e4a74eb9f2b77318a762ca68444ff4e3') in 0.029654 seconds
Number of updated asset objects reloaded before import = 0
Number of asset objects unloaded after import = 3
========================================================================
Received Import Request.
  Time since last request: 20.102958 seconds.
  path: Assets/2D Game Design Mastery Fantasy Edition/Resources/Sprites/Levelup/Icon_Levelup_Bot_03.Png
  artifactKey: Guid(f1b7ba65dcdf34de39254d0349084006) Importer(815301076,1909f56bfc062723c751e8b465ee728b)
Start importing Assets/2D Game Design Mastery Fantasy Edition/Resources/Sprites/Levelup/Icon_Levelup_Bot_03.Png using Guid(f1b7ba65dcdf34de39254d0349084006) Importer(815301076,1909f56bfc062723c751e8b465ee728b) [PhysX] Initialized MultithreadedTaskDispatcher with 16 workers.
[PhysX] Initialized MultithreadedTaskDispatcher with 16 workers.
 -> (artifact id: '6da67e3fc6edcc5e363fde9c1cabfc69') in 0.031108 seconds
Number of updated asset objects reloaded before import = 0
Number of asset objects unloaded after import = 3
========================================================================
Received Import Request.
  Time since last request: 0.000041 seconds.
  path: Assets/2D Game Design Mastery Fantasy Edition/Resources/Sprites/Package/IconPackedGem/Icon_Packed_Gem_1.png
  artifactKey: Guid(a1384bb4ee9b84ae1897c8e180a4fe68) Importer(815301076,1909f56bfc062723c751e8b465ee728b)
Start importing Assets/2D Game Design Mastery Fantasy Edition/Resources/Sprites/Package/IconPackedGem/Icon_Packed_Gem_1.png using Guid(a1384bb4ee9b84ae1897c8e180a4fe68) Importer(815301076,1909f56bfc062723c751e8b465ee728b) [PhysX] Initialized MultithreadedTaskDispatcher with 16 workers.
[PhysX] Initialized MultithreadedTaskDispatcher with 16 workers.
 -> (artifact id: '0651f01771764efce1ad7df3ba0c66ca') in 0.030981 seconds
Number of updated asset objects reloaded before import = 0
Number of asset objects unloaded after import = 3
========================================================================
Received Import Request.
  Time since last request: 0.000046 seconds.
  path: Assets/2D Game Design Mastery Fantasy Edition/Resources/Sprites/Levelup/Icon_Levelup_Wing.Png
  artifactKey: Guid(bd27e10c4f9f74bb5ad6114d05d664a1) Importer(815301076,1909f56bfc062723c751e8b465ee728b)
Start importing Assets/2D Game Design Mastery Fantasy Edition/Resources/Sprites/Levelup/Icon_Levelup_Wing.Png using Guid(bd27e10c4f9f74bb5ad6114d05d664a1) Importer(815301076,1909f56bfc062723c751e8b465ee728b) [PhysX] Initialized MultithreadedTaskDispatcher with 16 workers.
[PhysX] Initialized MultithreadedTaskDispatcher with 16 workers.
 -> (artifact id: 'fdd5005173c9eb417ec39949e219c4c2') in 0.032847 seconds
Number of updated asset objects reloaded before import = 0
Number of asset objects unloaded after import = 3
========================================================================
Received Import Request.
  Time since last request: 0.000026 seconds.
  path: Assets/2D Game Design Mastery Fantasy Edition/Resources/Sprites/Package/IconPackedGem/Icon_Packed_Gem_8.png
  artifactKey: Guid(298ca0950c4cd4f3ab57b16d0da39d13) Importer(815301076,1909f56bfc062723c751e8b465ee728b)
Start importing Assets/2D Game Design Mastery Fantasy Edition/Resources/Sprites/Package/IconPackedGem/Icon_Packed_Gem_8.png using Guid(298ca0950c4cd4f3ab57b16d0da39d13) Importer(815301076,1909f56bfc062723c751e8b465ee728b) [PhysX] Initialized MultithreadedTaskDispatcher with 16 workers.
[PhysX] Initialized MultithreadedTaskDispatcher with 16 workers.
 -> (artifact id: 'd0d8e6118b09e42d6f9fc158debc5aa8') in 0.031918 seconds
Number of updated asset objects reloaded before import = 0
Number of asset objects unloaded after import = 3
========================================================================
Received Import Request.
  Time since last request: 0.000022 seconds.
  path: Assets/2D Game Design Mastery Fantasy Edition/Resources/Sprites/Package/IconPackedGem/Icon_Packed_Gem_9.png
  artifactKey: Guid(896ebf9e064a043cc8641b947f932f24) Importer(815301076,1909f56bfc062723c751e8b465ee728b)
Start importing Assets/2D Game Design Mastery Fantasy Edition/Resources/Sprites/Package/IconPackedGem/Icon_Packed_Gem_9.png using Guid(896ebf9e064a043cc8641b947f932f24) Importer(815301076,1909f56bfc062723c751e8b465ee728b) [PhysX] Initialized MultithreadedTaskDispatcher with 16 workers.
[PhysX] Initialized MultithreadedTaskDispatcher with 16 workers.
 -> (artifact id: '10043496511b9d0b6aade4e1e2310057') in 0.036700 seconds
Number of updated asset objects reloaded before import = 0
Number of asset objects unloaded after import = 3
========================================================================
Received Import Request.
  Time since last request: 0.000035 seconds.
  path: Assets/2D Game Design Mastery Fantasy Edition/Resources/Sprites/Levelup/Icon_Levelup_Top_02.Png
  artifactKey: Guid(236220cf041aa4cfda818b5d9afd7720) Importer(815301076,1909f56bfc062723c751e8b465ee728b)
Start importing Assets/2D Game Design Mastery Fantasy Edition/Resources/Sprites/Levelup/Icon_Levelup_Top_02.Png using Guid(236220cf041aa4cfda818b5d9afd7720) Importer(815301076,1909f56bfc062723c751e8b465ee728b) [PhysX] Initialized MultithreadedTaskDispatcher with 16 workers.
[PhysX] Initialized MultithreadedTaskDispatcher with 16 workers.
 -> (artifact id: 'd74e77724192b2778755667c07e05855') in 0.029875 seconds
Number of updated asset objects reloaded before import = 0
Number of asset objects unloaded after import = 3
========================================================================
Received Import Request.
  Time since last request: 0.183148 seconds.
  path: Assets/2D Game Design Mastery Fantasy Edition/Resources/Sprites/Package/IconPackedGold/Icon_Packed_Gold_4.Png
  artifactKey: Guid(94a19ca5e63294a5c93d132431a0f0ec) Importer(815301076,1909f56bfc062723c751e8b465ee728b)
Start importing Assets/2D Game Design Mastery Fantasy Edition/Resources/Sprites/Package/IconPackedGold/Icon_Packed_Gold_4.Png using Guid(94a19ca5e63294a5c93d132431a0f0ec) Importer(815301076,1909f56bfc062723c751e8b465ee728b) [PhysX] Initialized MultithreadedTaskDispatcher with 16 workers.
[PhysX] Initialized MultithreadedTaskDispatcher with 16 workers.
 -> (artifact id: '6cca2f6eb3d82837f69185fd04a00ba6') in 0.029780 seconds
Number of updated asset objects reloaded before import = 0
Number of asset objects unloaded after import = 3
========================================================================
Received Import Request.
  Time since last request: 0.000027 seconds.
  path: Assets/2D Game Design Mastery Fantasy Edition/Resources/Sprites/Package/IconPackedGold/Icon_Packed_Gold_9.Png
  artifactKey: Guid(19153f657a43d4a1789cb568e9791be7) Importer(815301076,1909f56bfc062723c751e8b465ee728b)
Start importing Assets/2D Game Design Mastery Fantasy Edition/Resources/Sprites/Package/IconPackedGold/Icon_Packed_Gold_9.Png using Guid(19153f657a43d4a1789cb568e9791be7) Importer(815301076,1909f56bfc062723c751e8b465ee728b) [PhysX] Initialized MultithreadedTaskDispatcher with 16 workers.
[PhysX] Initialized MultithreadedTaskDispatcher with 16 workers.
 -> (artifact id: 'ab76fbcdf2e6db955483988a4b2c2d73') in 0.031490 seconds
Number of updated asset objects reloaded before import = 0
Number of asset objects unloaded after import = 3
========================================================================
Received Import Request.
  Time since last request: 3.797745 seconds.
  path: Assets/2D Game Design Mastery Fantasy Edition/Resources/Sprites/Icon/White/Icon_White_64/Icon_White_64_Location_02.Png
  artifactKey: Guid(07eb13e752080462992e2b643006ed88) Importer(815301076,1909f56bfc062723c751e8b465ee728b)
Start importing Assets/2D Game Design Mastery Fantasy Edition/Resources/Sprites/Icon/White/Icon_White_64/Icon_White_64_Location_02.Png using Guid(07eb13e752080462992e2b643006ed88) Importer(815301076,1909f56bfc062723c751e8b465ee728b) [PhysX] Initialized MultithreadedTaskDispatcher with 16 workers.
[PhysX] Initialized MultithreadedTaskDispatcher with 16 workers.
 -> (artifact id: '0955e4b56c66c9617a61257cd07a60f1') in 0.030555 seconds
Number of updated asset objects reloaded before import = 0
Number of asset objects unloaded after import = 3
========================================================================
Received Import Request.
  Time since last request: 0.000019 seconds.
  path: Assets/2D Game Design Mastery Fantasy Edition/Resources/Sprites/Icon/White/Icon_White_64/Icon_White_64_Lock_02.Png
  artifactKey: Guid(8901efc2699ca43239ff728e3ccc7d03) Importer(815301076,1909f56bfc062723c751e8b465ee728b)
Start importing Assets/2D Game Design Mastery Fantasy Edition/Resources/Sprites/Icon/White/Icon_White_64/Icon_White_64_Lock_02.Png using Guid(8901efc2699ca43239ff728e3ccc7d03) Importer(815301076,1909f56bfc062723c751e8b465ee728b) [PhysX] Initialized MultithreadedTaskDispatcher with 16 workers.
[PhysX] Initialized MultithreadedTaskDispatcher with 16 workers.
 -> (artifact id: 'da067c4a823e171bbde2c8a4f2840d62') in 0.032641 seconds
Number of updated asset objects reloaded before import = 0
Number of asset objects unloaded after import = 3
========================================================================
Received Import Request.
  Time since last request: 0.000025 seconds.
  path: Assets/2D Game Design Mastery Fantasy Edition/Resources/Sprites/Icon/White/Icon_White_64/Icon_White_64_Mail_02.Png
  artifactKey: Guid(5161f413a78f84a2396d3a20e00da4e8) Importer(815301076,1909f56bfc062723c751e8b465ee728b)
Start importing Assets/2D Game Design Mastery Fantasy Edition/Resources/Sprites/Icon/White/Icon_White_64/Icon_White_64_Mail_02.Png using Guid(5161f413a78f84a2396d3a20e00da4e8) Importer(815301076,1909f56bfc062723c751e8b465ee728b) [PhysX] Initialized MultithreadedTaskDispatcher with 16 workers.
[PhysX] Initialized MultithreadedTaskDispatcher with 16 workers.
 -> (artifact id: '60491e3d380369918278e0db4de98151') in 0.033831 seconds
Number of updated asset objects reloaded before import = 0
Number of asset objects unloaded after import = 3
========================================================================
Received Import Request.
  Time since last request: 0.057065 seconds.
  path: Assets/2D Game Design Mastery Fantasy Edition/Resources/Sprites/Icon/White/Icon_White_64/Icon_White_64_Poition_01.Png
  artifactKey: Guid(e771993a7c921490daeda020058e1ada) Importer(815301076,1909f56bfc062723c751e8b465ee728b)
Start importing Assets/2D Game Design Mastery Fantasy Edition/Resources/Sprites/Icon/White/Icon_White_64/Icon_White_64_Poition_01.Png using Guid(e771993a7c921490daeda020058e1ada) Importer(815301076,1909f56bfc062723c751e8b465ee728b) [PhysX] Initialized MultithreadedTaskDispatcher with 16 workers.
[PhysX] Initialized MultithreadedTaskDispatcher with 16 workers.
 -> (artifact id: 'ebfdda954fecb4eb89c03ae16fa86f55') in 0.027332 seconds
Number of updated asset objects reloaded before import = 0
Number of asset objects unloaded after import = 3
========================================================================
Received Import Request.
  Time since last request: 0.128046 seconds.
  path: Assets/2D Game Design Mastery Fantasy Edition/Resources/Sprites/Icon/White/Icon_White_64/Icon_White_64_Time_02.Png
  artifactKey: Guid(2e306783afebf491dbf97c4fc7b993d3) Importer(815301076,1909f56bfc062723c751e8b465ee728b)
Start importing Assets/2D Game Design Mastery Fantasy Edition/Resources/Sprites/Icon/White/Icon_White_64/Icon_White_64_Time_02.Png using Guid(2e306783afebf491dbf97c4fc7b993d3) Importer(815301076,1909f56bfc062723c751e8b465ee728b) [PhysX] Initialized MultithreadedTaskDispatcher with 16 workers.
[PhysX] Initialized MultithreadedTaskDispatcher with 16 workers.
 -> (artifact id: 'bb2e1b0cccda2ec4e872cdb776be75d8') in 0.031309 seconds
Number of updated asset objects reloaded before import = 0
Number of asset objects unloaded after import = 3
========================================================================
Received Import Request.
  Time since last request: 0.094608 seconds.
  path: Assets/2D Game Design Mastery Fantasy Edition/Resources/Sprites/Icon/White/Icon_White_128/Icon_White_128_Back_01.Png
  artifactKey: Guid(0dfc734ee9ed84774b60b89d7efc2aeb) Importer(815301076,1909f56bfc062723c751e8b465ee728b)
Start importing Assets/2D Game Design Mastery Fantasy Edition/Resources/Sprites/Icon/White/Icon_White_128/Icon_White_128_Back_01.Png using Guid(0dfc734ee9ed84774b60b89d7efc2aeb) Importer(815301076,1909f56bfc062723c751e8b465ee728b) [PhysX] Initialized MultithreadedTaskDispatcher with 16 workers.
[PhysX] Initialized MultithreadedTaskDispatcher with 16 workers.
 -> (artifact id: '980fce712798bbee186f75b3b9a988e4') in 0.026695 seconds
Number of updated asset objects reloaded before import = 0
Number of asset objects unloaded after import = 3
========================================================================
Received Import Request.
  Time since last request: 0.000032 seconds.
  path: Assets/2D Game Design Mastery Fantasy Edition/Resources/Sprites/Icon/White/Icon_White_128/Icon_White_128_Bag_Png.Png
  artifactKey: Guid(9baeb973fed454d45a1f18c6a2b971e8) Importer(815301076,1909f56bfc062723c751e8b465ee728b)
Start importing Assets/2D Game Design Mastery Fantasy Edition/Resources/Sprites/Icon/White/Icon_White_128/Icon_White_128_Bag_Png.Png using Guid(9baeb973fed454d45a1f18c6a2b971e8) Importer(815301076,1909f56bfc062723c751e8b465ee728b) [PhysX] Initialized MultithreadedTaskDispatcher with 16 workers.
[PhysX] Initialized MultithreadedTaskDispatcher with 16 workers.
 -> (artifact id: '9128184c21aa0931034e0a2ab68ab853') in 0.024462 seconds
Number of updated asset objects reloaded before import = 0
Number of asset objects unloaded after import = 3
========================================================================
Received Import Request.
  Time since last request: 565.670560 seconds.
  path: Assets/CheckoutFrenzy/Scenes/Game.unity
  artifactKey: Guid(9fc0d4010bbf28b4594072e72b8655ab) Importer(815301076,1909f56bfc062723c751e8b465ee728b)
Start importing Assets/CheckoutFrenzy/Scenes/Game.unity using Guid(9fc0d4010bbf28b4594072e72b8655ab) Importer(815301076,1909f56bfc062723c751e8b465ee728b) [PhysX] Initialized MultithreadedTaskDispatcher with 16 workers.
 -> (artifact id: 'd70d3fcc2fec3c266ca8e4dcea7e9a42') in 0.000826 seconds
Number of updated asset objects reloaded before import = 0
Number of asset objects unloaded after import = 0
========================================================================
Received Import Request.
  Time since last request: 3.020450 seconds.
  path: Assets/CheckoutFrenzy/Scenes/Game
  artifactKey: Guid(3a393171d946f0b42b5f89f4fa448903) Importer(815301076,1909f56bfc062723c751e8b465ee728b)
Start importing Assets/CheckoutFrenzy/Scenes/Game using Guid(3a393171d946f0b42b5f89f4fa448903) Importer(815301076,1909f56bfc062723c751e8b465ee728b) [PhysX] Initialized MultithreadedTaskDispatcher with 16 workers.
 -> (artifact id: '98e27e5aec7c1a165ef91e8be0126f4d') in 0.000860 seconds
Number of updated asset objects reloaded before import = 0
Number of asset objects unloaded after import = 0
========================================================================
Received Import Request.
  Time since last request: 0.068040 seconds.
  path: Assets/CheckoutFrenzy/Scenes/Game/NavMesh-StoreManager.asset
  artifactKey: Guid(56055f793c39fcf448dad1ce8372e736) Importer(815301076,1909f56bfc062723c751e8b465ee728b)
Start importing Assets/CheckoutFrenzy/Scenes/Game/NavMesh-StoreManager.asset using Guid(56055f793c39fcf448dad1ce8372e736) Importer(815301076,1909f56bfc062723c751e8b465ee728b) [PhysX] Initialized MultithreadedTaskDispatcher with 16 workers.
 -> (artifact id: '38fcb9d63441a4810d6add6c92b3cefd') in 0.001649 seconds
Number of updated asset objects reloaded before import = 0
Number of asset objects unloaded after import = 1
========================================================================
Received Import Request.
  Time since last request: 120.779465 seconds.
  path: Assets/CheckoutFrenzy/Scenes/MainMenu.unity
  artifactKey: Guid(8a09cccff1b6ac04f9c44d21b75b4efb) Importer(815301076,1909f56bfc062723c751e8b465ee728b)
Start importing Assets/CheckoutFrenzy/Scenes/MainMenu.unity using Guid(8a09cccff1b6ac04f9c44d21b75b4efb) Importer(815301076,1909f56bfc062723c751e8b465ee728b) [PhysX] Initialized MultithreadedTaskDispatcher with 16 workers.
 -> (artifact id: '9a2d25a4713adbefc08e4cc016b5cbd9') in 0.000605 seconds
Number of updated asset objects reloaded before import = 0
Number of asset objects unloaded after import = 0
========================================================================
Received Import Request.
  Time since last request: 41.063865 seconds.
  path: Assets/CheckoutFrenzy/Scripts/UI/ScreenFader.cs
  artifactKey: Guid(b973b9ad47ef2bd48a51ce9ba955929c) Importer(815301076,1909f56bfc062723c751e8b465ee728b)
Start importing Assets/CheckoutFrenzy/Scripts/UI/ScreenFader.cs using Guid(b973b9ad47ef2bd48a51ce9ba955929c) Importer(815301076,1909f56bfc062723c751e8b465ee728b) [PhysX] Initialized MultithreadedTaskDispatcher with 16 workers.
 -> (artifact id: 'c4b44b6b34eaa8173a3986edb1009715') in 0.000847 seconds
Number of updated asset objects reloaded before import = 0
Number of asset objects unloaded after import = 0
