Using pre-set license
Built from '2022.3/staging' branch; Version is '2022.3.44f1 (c3ae09b9f03c) revision 12824073'; Using compiler version '192829333'; Build Type 'Release'
OS: 'Windows 11  (10.0.22631) 64bit Professional' Language: 'tr' Physical Memory: 15791 MB
BatchMode: 1, IsHumanControllingUs: 0, StartBugReporterOnCrash: 0, Is64bit: 1, IsPro: 1

COMMAND LINE ARGUMENTS:
C:\Program Files\Unity\Hub\Editor\2022.3.44f1\Editor\Unity.exe
-adb2
-batchMode
-noUpm
-name
AssetImportWorker11
-projectPath
C:/Users/enesa/OneDrive/Belgeler/GitHub/ShoppingSimulator/Shopping Simulator
-logFile
Logs/AssetImportWorker11.log
-srvPort
59178
Successfully changed project path to: C:/Users/enesa/OneDrive/Belgeler/GitHub/ShoppingSimulator/Shopping Simulator
C:/Users/enesa/OneDrive/Belgeler/GitHub/ShoppingSimulator/Shopping Simulator
[UnityMemory] Configuration Parameters - Can be set up in boot.config
    "memorysetup-bucket-allocator-granularity=16"
    "memorysetup-bucket-allocator-bucket-count=8"
    "memorysetup-bucket-allocator-block-size=33554432"
    "memorysetup-bucket-allocator-block-count=8"
    "memorysetup-main-allocator-block-size=16777216"
    "memorysetup-thread-allocator-block-size=16777216"
    "memorysetup-gfx-main-allocator-block-size=16777216"
    "memorysetup-gfx-thread-allocator-block-size=16777216"
    "memorysetup-cache-allocator-block-size=4194304"
    "memorysetup-typetree-allocator-block-size=2097152"
    "memorysetup-profiler-bucket-allocator-granularity=16"
    "memorysetup-profiler-bucket-allocator-bucket-count=8"
    "memorysetup-profiler-bucket-allocator-block-size=33554432"
    "memorysetup-profiler-bucket-allocator-block-count=8"
    "memorysetup-profiler-allocator-block-size=16777216"
    "memorysetup-profiler-editor-allocator-block-size=1048576"
    "memorysetup-temp-allocator-size-main=16777216"
    "memorysetup-job-temp-allocator-block-size=2097152"
    "memorysetup-job-temp-allocator-block-size-background=1048576"
    "memorysetup-job-temp-allocator-reduction-small-platforms=262144"
    "memorysetup-allocator-temp-initial-block-size-main=262144"
    "memorysetup-allocator-temp-initial-block-size-worker=262144"
    "memorysetup-temp-allocator-size-background-worker=32768"
    "memorysetup-temp-allocator-size-job-worker=262144"
    "memorysetup-temp-allocator-size-preload-manager=33554432"
    "memorysetup-temp-allocator-size-nav-mesh-worker=65536"
    "memorysetup-temp-allocator-size-audio-worker=65536"
    "memorysetup-temp-allocator-size-cloud-worker=32768"
    "memorysetup-temp-allocator-size-gi-baking-worker=262144"
    "memorysetup-temp-allocator-size-gfx=262144"
Player connection [13568]  Target information:

Player connection [13568]  * "[IP] 10.63.146.71 [Port] 0 [Flags] 2 [Guid] 2551934225 [EditorId] 2551934225 [Version] 1048832 [Id] WindowsEditor(7,Asus) [Debug] 1 [PackageName] WindowsEditor [ProjectName] Editor" 

Player connection [13568] Host joined multi-casting on [225.0.0.222:54997]...
Player connection [13568] Host joined alternative multi-casting on [225.0.0.222:34997]...
[PhysX] Initialized MultithreadedTaskDispatcher with 16 workers.
Refreshing native plugins compatible for Editor in 11.13 ms, found 3 plugins.
Preloading 0 native plugins for Editor in 0.00 ms.
Initialize engine version: 2022.3.44f1 (c3ae09b9f03c)
[Subsystems] Discovering subsystems at path C:/Program Files/Unity/Hub/Editor/2022.3.44f1/Editor/Data/Resources/UnitySubsystems
[Subsystems] Discovering subsystems at path C:/Users/enesa/OneDrive/Belgeler/GitHub/ShoppingSimulator/Shopping Simulator/Assets
GfxDevice: creating device client; threaded=0; jobified=0
Direct3D:
    Version:  Direct3D 11.0 [level 11.1]
    Renderer: NVIDIA GeForce RTX 3050 Laptop GPU (ID=0x25a2)
    Vendor:   NVIDIA
    VRAM:     3964 MB
    Driver:   32.0.15.6607
Initialize mono
Mono path[0] = 'C:/Program Files/Unity/Hub/Editor/2022.3.44f1/Editor/Data/Managed'
Mono path[1] = 'C:/Program Files/Unity/Hub/Editor/2022.3.44f1/Editor/Data/MonoBleedingEdge/lib/mono/unityjit-win32'
Mono config path = 'C:/Program Files/Unity/Hub/Editor/2022.3.44f1/Editor/Data/MonoBleedingEdge/etc'
Using monoOptions --debugger-agent=transport=dt_socket,embedding=1,server=y,suspend=n,address=127.0.0.1:56620
Begin MonoManager ReloadAssembly
Registering precompiled unity dll's ...
Register platform support module: C:/Program Files/Unity/Hub/Editor/2022.3.44f1/Editor/Data/PlaybackEngines/AndroidPlayer/UnityEditor.Android.Extensions.dll
Register platform support module: C:/Program Files/Unity/Hub/Editor/2022.3.44f1/Editor/Data/PlaybackEngines/iOSSupport/UnityEditor.iOS.Extensions.dll
Register platform support module: C:/Program Files/Unity/Hub/Editor/2022.3.44f1/Editor/Data/PlaybackEngines/WindowsStandaloneSupport/UnityEditor.WindowsStandalone.Extensions.dll
Registered in 0.008512 seconds.
- Loaded All Assemblies, in  0.413 seconds
Native extension for WindowsStandalone target not found
[usbmuxd] Start listen thread
[usbmuxd] Listen thread started
Native extension for iOS target not found
Native extension for Android target not found
Android SDK Build-tools component is not found. Make sure all tools are installed in the SDK manager.
UnityEngine.StackTraceUtility:ExtractStackTrace ()
UnityEngine.DebugLogHandler:LogFormat (UnityEngine.LogType,UnityEngine.Object,string,object[])
UnityEngine.Logger:Log (UnityEngine.LogType,object)
UnityEngine.Debug:LogError (object)
UnityEditor.Android.AndroidSDKTools:UpdateToolsDirectories ()
UnityEditor.Android.AndroidSDKTools:.ctor (string)
UnityEditor.Android.AndroidSDKTools:CreateAndroidSDKTools (string)
UnityEditor.Android.AndroidSDKTools:GetInstance<UnityEditor.Android.AndroidSDKTools> (UnityEditor.Android.AndroidSDKTools/InstanceCreator)
UnityEditor.Android.AndroidSDKTools:GetInstance ()
UnityEditor.Android.AndroidDeploymentTargetsExtension:GetMainThreadContext (bool)
UnityEditor.Android.TargetExtension:OnUsbDevicesChanged (UnityEditor.Hardware.UsbDevice[])
UnityEditor.Android.TargetExtension:OnLoad ()
UnityEditor.Modules.ModuleManager:InitializePlatformSupportModules ()

Android Extension - Scanning For ADB Devices 283 ms
Mono: successfully reloaded assembly
- Finished resetting the current domain, in  0.601 seconds
Domain Reload Profiling: 1013ms
	BeginReloadAssembly (137ms)
		ExecutionOrderSort (0ms)
		DisableScriptedObjects (0ms)
		BackupInstance (0ms)
		ReleaseScriptingObjects (0ms)
		CreateAndSetChildDomain (1ms)
	RebuildCommonClasses (37ms)
	RebuildNativeTypeToScriptingClass (11ms)
	initialDomainReloadingComplete (60ms)
	LoadAllAssembliesAndSetupDomain (166ms)
		LoadAssemblies (137ms)
		RebuildTransferFunctionScriptingTraits (0ms)
		AnalyzeDomain (162ms)
			TypeCache.Refresh (161ms)
				TypeCache.ScanAssembly (144ms)
			ScanForSourceGeneratedMonoScriptInfo (0ms)
			ResolveRequiredComponents (0ms)
	FinalizeReload (602ms)
		ReleaseScriptCaches (0ms)
		RebuildScriptCaches (0ms)
		SetupLoadedEditorAssemblies (553ms)
			LogAssemblyErrors (0ms)
			InitializePlatformSupportModulesInManaged (371ms)
			SetLoadedEditorAssemblies (4ms)
			RefreshPlugins (0ms)
			BeforeProcessingInitializeOnLoad (2ms)
			ProcessInitializeOnLoadAttributes (128ms)
			ProcessInitializeOnLoadMethodAttributes (48ms)
			AfterProcessingInitializeOnLoad (0ms)
			EditorAssembliesLoaded (0ms)
		ExecutionOrderSort2 (0ms)
		AwakeInstancesAfterBackupRestoration (0ms)
========================================================================
Worker process is ready to serve import requests
Caller must complete domain reload
Begin MonoManager ReloadAssembly
- Loaded All Assemblies, in  0.695 seconds
Native extension for WindowsStandalone target not found
Native extension for iOS target not found
Native extension for Android target not found
Mono: successfully reloaded assembly
Package Manager log level set to [2]
[Package Manager] Server::EnsureServerProcessIsRunning -- launch failed, reason: Unity was launched with the -noUpm command-line argument
[Package Manager] UpmClient::Send -- Unable to send message (not connected to UPM process).
[Package Manager] Cannot connect to Unity Package Manager local server
[Package Manager] Server::EnsureServerProcessIsRunning -- launch failed, reason: Unity was launched with the -noUpm command-line argument
[Package Manager] UpmClient::Send -- Unable to send message (not connected to UPM process).
[Package Manager] Cannot connect to Unity Package Manager local server
- Finished resetting the current domain, in  0.580 seconds
Domain Reload Profiling: 1272ms
	BeginReloadAssembly (164ms)
		ExecutionOrderSort (0ms)
		DisableScriptedObjects (7ms)
		BackupInstance (0ms)
		ReleaseScriptingObjects (0ms)
		CreateAndSetChildDomain (27ms)
	RebuildCommonClasses (38ms)
	RebuildNativeTypeToScriptingClass (16ms)
	initialDomainReloadingComplete (43ms)
	LoadAllAssembliesAndSetupDomain (431ms)
		LoadAssemblies (361ms)
		RebuildTransferFunctionScriptingTraits (0ms)
		AnalyzeDomain (162ms)
			TypeCache.Refresh (139ms)
				TypeCache.ScanAssembly (121ms)
			ScanForSourceGeneratedMonoScriptInfo (16ms)
			ResolveRequiredComponents (7ms)
	FinalizeReload (580ms)
		ReleaseScriptCaches (0ms)
		RebuildScriptCaches (0ms)
		SetupLoadedEditorAssemblies (434ms)
			LogAssemblyErrors (0ms)
			InitializePlatformSupportModulesInManaged (28ms)
			SetLoadedEditorAssemblies (3ms)
			RefreshPlugins (0ms)
			BeforeProcessingInitializeOnLoad (63ms)
			ProcessInitializeOnLoadAttributes (314ms)
			ProcessInitializeOnLoadMethodAttributes (19ms)
			AfterProcessingInitializeOnLoad (6ms)
			EditorAssembliesLoaded (0ms)
		ExecutionOrderSort2 (0ms)
		AwakeInstancesAfterBackupRestoration (5ms)
Launched and connected shader compiler UnityShaderCompiler.exe after 0.06 seconds
Refreshing native plugins compatible for Editor in 7.99 ms, found 3 plugins.
Preloading 0 native plugins for Editor in 0.00 ms.
Unloading 3583 Unused Serialized files (Serialized files now loaded: 0)
Unloading 33 unused Assets / (137.2 KB). Loaded Objects now: 4056.
Memory consumption went from 135.0 MB to 134.8 MB.
Total: 4.134900 ms (FindLiveObjects: 0.430900 ms CreateObjectMapping: 0.169400 ms MarkObjects: 3.362500 ms  DeleteObjects: 0.169600 ms)

AssetImportParameters requested are different than current active one (requested -> active):
  custom:container-demuxer-ogg: 62fdf1f143b41e24485cea50d1cbac27 -> 
  custom:video-decoder-ogg-theora: a1e56fd34408186e4bbccfd4996cb3dc -> 
  custom:framework-win-MediaFoundation: 216162199b28c13a410421893ffa2e32 -> 
  custom:CustomObjectIndexerAttribute: 9a22284fe3817be447336de3de66b15e -> 
  custom:container-demuxer-webm: 4f35f7cbe854078d1ac9338744f61a02 -> 
  custom:container-muxer-webm: aa71ff27fc2769a1b78a27578f13a17b -> 
  custom:video-decoder-webm-vp8: 9c59270c3fd7afecdb556c50c9e8de78 -> 
  custom:SearchIndexIgnoredProperties: e643bd26f0fe6173181afceb89e7c659 -> 
  custom:AudioImporter_EditorPlatform: d09bf68614088b80899f8185d706f6e7 -> 
  custom:video-encoder-webm-vp8: eb34c28f22e8b96e1ab97ce403110664 -> 
  custom:audio-decoder-ogg-vorbis: bf7c407c2cedff20999df2af8eb42d56 -> 
  custom:audio-encoder-webm-vorbis: bf7c407c2cedff20999df2af8eb42d56 -> 
========================================================================
Received Import Request.
  Time since last request: 465751.531583 seconds.
  path: Assets/2D Game Design Mastery Fantasy Edition/Resources/Sprites/Levelup/Icon_Levelup_Bot_02.Png
  artifactKey: Guid(7b7f273f571494c159871c3874141361) Importer(815301076,1909f56bfc062723c751e8b465ee728b)
Start importing Assets/2D Game Design Mastery Fantasy Edition/Resources/Sprites/Levelup/Icon_Levelup_Bot_02.Png using Guid(7b7f273f571494c159871c3874141361) Importer(815301076,1909f56bfc062723c751e8b465ee728b) [PhysX] Initialized MultithreadedTaskDispatcher with 16 workers.
[PhysX] Initialized MultithreadedTaskDispatcher with 16 workers.
 -> (artifact id: '3e687219dc20bb49862b4b1e608296df') in 0.128860 seconds
Number of updated asset objects reloaded before import = 0
Number of asset objects unloaded after import = 3
========================================================================
Received Import Request.
  Time since last request: 0.000045 seconds.
  path: Assets/2D Game Design Mastery Fantasy Edition/Resources/Sprites/Package/IconPackedGem/Icon_Packed_Gem_5.png
  artifactKey: Guid(80e435e6bf32546a4bd3435995540dbc) Importer(815301076,1909f56bfc062723c751e8b465ee728b)
Start importing Assets/2D Game Design Mastery Fantasy Edition/Resources/Sprites/Package/IconPackedGem/Icon_Packed_Gem_5.png using Guid(80e435e6bf32546a4bd3435995540dbc) Importer(815301076,1909f56bfc062723c751e8b465ee728b) [PhysX] Initialized MultithreadedTaskDispatcher with 16 workers.
[PhysX] Initialized MultithreadedTaskDispatcher with 16 workers.
 -> (artifact id: 'ad618a78ed1b3c49cf7f92944d1d2542') in 0.036741 seconds
Number of updated asset objects reloaded before import = 0
Number of asset objects unloaded after import = 3
========================================================================
Received Import Request.
  Time since last request: 0.000061 seconds.
  path: Assets/2D Game Design Mastery Fantasy Edition/Resources/Sprites/Package/IconPackedGem/Icon_Packed_Gem_3.png
  artifactKey: Guid(6feb259e591f94c548943bde8ec07132) Importer(815301076,1909f56bfc062723c751e8b465ee728b)
Start importing Assets/2D Game Design Mastery Fantasy Edition/Resources/Sprites/Package/IconPackedGem/Icon_Packed_Gem_3.png using Guid(6feb259e591f94c548943bde8ec07132) Importer(815301076,1909f56bfc062723c751e8b465ee728b) [PhysX] Initialized MultithreadedTaskDispatcher with 16 workers.
[PhysX] Initialized MultithreadedTaskDispatcher with 16 workers.
 -> (artifact id: 'd1df7072197597d8c236006800ed2167') in 0.029478 seconds
Number of updated asset objects reloaded before import = 0
Number of asset objects unloaded after import = 3
========================================================================
Received Import Request.
  Time since last request: 0.181408 seconds.
  path: Assets/2D Game Design Mastery Fantasy Edition/Resources/Sprites/Package/IconPackedGold/Icon_Packed_Gold_3.Png
  artifactKey: Guid(b07aa74ee0e384a70899d165d4ce92dd) Importer(815301076,1909f56bfc062723c751e8b465ee728b)
Start importing Assets/2D Game Design Mastery Fantasy Edition/Resources/Sprites/Package/IconPackedGold/Icon_Packed_Gold_3.Png using Guid(b07aa74ee0e384a70899d165d4ce92dd) Importer(815301076,1909f56bfc062723c751e8b465ee728b) [PhysX] Initialized MultithreadedTaskDispatcher with 16 workers.
[PhysX] Initialized MultithreadedTaskDispatcher with 16 workers.
 -> (artifact id: '2678d52243a011a07ff8372e873d01d8') in 0.034569 seconds
Number of updated asset objects reloaded before import = 0
Number of asset objects unloaded after import = 3
========================================================================
Received Import Request.
  Time since last request: 0.000034 seconds.
  path: Assets/2D Game Design Mastery Fantasy Edition/Resources/Sprites/Package/IconPackedGold/Icon_Packed_Gold_6.Png
  artifactKey: Guid(dc9f747fbfa5d402894e6331bbd00273) Importer(815301076,1909f56bfc062723c751e8b465ee728b)
Start importing Assets/2D Game Design Mastery Fantasy Edition/Resources/Sprites/Package/IconPackedGold/Icon_Packed_Gold_6.Png using Guid(dc9f747fbfa5d402894e6331bbd00273) Importer(815301076,1909f56bfc062723c751e8b465ee728b) [PhysX] Initialized MultithreadedTaskDispatcher with 16 workers.
[PhysX] Initialized MultithreadedTaskDispatcher with 16 workers.
 -> (artifact id: '70257c9329c9a764ab27645140308488') in 0.031233 seconds
Number of updated asset objects reloaded before import = 0
Number of asset objects unloaded after import = 3
========================================================================
Received Import Request.
  Time since last request: 3.793314 seconds.
  path: Assets/2D Game Design Mastery Fantasy Edition/Resources/Sprites/Icon/White/Icon_White_64/Icon_White_64_Location_01.Png
  artifactKey: Guid(fbb3bd84b515e4dfda05cd7be5726ae7) Importer(815301076,1909f56bfc062723c751e8b465ee728b)
Start importing Assets/2D Game Design Mastery Fantasy Edition/Resources/Sprites/Icon/White/Icon_White_64/Icon_White_64_Location_01.Png using Guid(fbb3bd84b515e4dfda05cd7be5726ae7) Importer(815301076,1909f56bfc062723c751e8b465ee728b) [PhysX] Initialized MultithreadedTaskDispatcher with 16 workers.
[PhysX] Initialized MultithreadedTaskDispatcher with 16 workers.
 -> (artifact id: 'cc7595a3601b161c777ea227f934ae0e') in 0.035472 seconds
Number of updated asset objects reloaded before import = 0
Number of asset objects unloaded after import = 3
========================================================================
Received Import Request.
  Time since last request: 0.000039 seconds.
  path: Assets/2D Game Design Mastery Fantasy Edition/Resources/Sprites/Icon/White/Icon_White_64/Icon_White_64_Magicball.Png
  artifactKey: Guid(d1b91b6085c2343e794d96145e3c0216) Importer(815301076,1909f56bfc062723c751e8b465ee728b)
Start importing Assets/2D Game Design Mastery Fantasy Edition/Resources/Sprites/Icon/White/Icon_White_64/Icon_White_64_Magicball.Png using Guid(d1b91b6085c2343e794d96145e3c0216) Importer(815301076,1909f56bfc062723c751e8b465ee728b) [PhysX] Initialized MultithreadedTaskDispatcher with 16 workers.
[PhysX] Initialized MultithreadedTaskDispatcher with 16 workers.
 -> (artifact id: 'a1d1ca4f7f6acabe7ef1f5a0d49827fc') in 0.028275 seconds
Number of updated asset objects reloaded before import = 0
Number of asset objects unloaded after import = 3
========================================================================
Received Import Request.
  Time since last request: 0.000027 seconds.
  path: Assets/2D Game Design Mastery Fantasy Edition/Resources/Sprites/Icon/White/Icon_White_64/Icon_White_64_Map_01.Png
  artifactKey: Guid(3a6c470bbb75e44c69fc8052100402c0) Importer(815301076,1909f56bfc062723c751e8b465ee728b)
Start importing Assets/2D Game Design Mastery Fantasy Edition/Resources/Sprites/Icon/White/Icon_White_64/Icon_White_64_Map_01.Png using Guid(3a6c470bbb75e44c69fc8052100402c0) Importer(815301076,1909f56bfc062723c751e8b465ee728b) [PhysX] Initialized MultithreadedTaskDispatcher with 16 workers.
[PhysX] Initialized MultithreadedTaskDispatcher with 16 workers.
 -> (artifact id: '2311a20eae530efc2c4cdf1211abf0f8') in 0.029119 seconds
Number of updated asset objects reloaded before import = 0
Number of asset objects unloaded after import = 3
========================================================================
Received Import Request.
  Time since last request: 0.060094 seconds.
  path: Assets/2D Game Design Mastery Fantasy Edition/Resources/Sprites/Icon/White/Icon_White_64/Icon_White_64_Plus.Png
  artifactKey: Guid(5231e066654a0432dae20e51a7ad2d36) Importer(815301076,1909f56bfc062723c751e8b465ee728b)
Start importing Assets/2D Game Design Mastery Fantasy Edition/Resources/Sprites/Icon/White/Icon_White_64/Icon_White_64_Plus.Png using Guid(5231e066654a0432dae20e51a7ad2d36) Importer(815301076,1909f56bfc062723c751e8b465ee728b) [PhysX] Initialized MultithreadedTaskDispatcher with 16 workers.
[PhysX] Initialized MultithreadedTaskDispatcher with 16 workers.
 -> (artifact id: '55a2b1cbc4b51aae784b2d2fefcc7ef9') in 0.026396 seconds
Number of updated asset objects reloaded before import = 0
Number of asset objects unloaded after import = 3
========================================================================
Received Import Request.
  Time since last request: 0.000048 seconds.
  path: Assets/2D Game Design Mastery Fantasy Edition/Resources/Sprites/Icon/White/Icon_White_64/Icon_White_64_Polygon.Png
  artifactKey: Guid(880b872bbfc7843d395752d50f186f03) Importer(815301076,1909f56bfc062723c751e8b465ee728b)
Start importing Assets/2D Game Design Mastery Fantasy Edition/Resources/Sprites/Icon/White/Icon_White_64/Icon_White_64_Polygon.Png using Guid(880b872bbfc7843d395752d50f186f03) Importer(815301076,1909f56bfc062723c751e8b465ee728b) [PhysX] Initialized MultithreadedTaskDispatcher with 16 workers.
[PhysX] Initialized MultithreadedTaskDispatcher with 16 workers.
 -> (artifact id: 'd4776d75e19a4863836a28dd12cce803') in 0.022089 seconds
Number of updated asset objects reloaded before import = 0
Number of asset objects unloaded after import = 3
========================================================================
Received Import Request.
  Time since last request: 0.105558 seconds.
  path: Assets/2D Game Design Mastery Fantasy Edition/Resources/Sprites/Icon/White/Icon_White_64/Icon_White_64_Time_01.Png
  artifactKey: Guid(86aa9ebf9b59b47fc8d8b53e78017b23) Importer(815301076,1909f56bfc062723c751e8b465ee728b)
Start importing Assets/2D Game Design Mastery Fantasy Edition/Resources/Sprites/Icon/White/Icon_White_64/Icon_White_64_Time_01.Png using Guid(86aa9ebf9b59b47fc8d8b53e78017b23) Importer(815301076,1909f56bfc062723c751e8b465ee728b) [PhysX] Initialized MultithreadedTaskDispatcher with 16 workers.
[PhysX] Initialized MultithreadedTaskDispatcher with 16 workers.
 -> (artifact id: '6ad25672047683c82fa59d5956031b5c') in 0.027174 seconds
Number of updated asset objects reloaded before import = 0
Number of asset objects unloaded after import = 3
========================================================================
Received Import Request.
  Time since last request: 0.097964 seconds.
  path: Assets/2D Game Design Mastery Fantasy Edition/Resources/Sprites/Icon/White/Icon_White_128/Icon_White_128_Axe_02.Png
  artifactKey: Guid(bba9aa794987e46e69ac457974fd6daf) Importer(815301076,1909f56bfc062723c751e8b465ee728b)
Start importing Assets/2D Game Design Mastery Fantasy Edition/Resources/Sprites/Icon/White/Icon_White_128/Icon_White_128_Axe_02.Png using Guid(bba9aa794987e46e69ac457974fd6daf) Importer(815301076,1909f56bfc062723c751e8b465ee728b) [PhysX] Initialized MultithreadedTaskDispatcher with 16 workers.
[PhysX] Initialized MultithreadedTaskDispatcher with 16 workers.
 -> (artifact id: 'dc34b61504da08d30d51cfef4afb5be0') in 0.031158 seconds
Number of updated asset objects reloaded before import = 0
Number of asset objects unloaded after import = 3
Editor requested this worker to shutdown with reason: Scaling down because of idle timeout
TcpMessagingSession - receive error: operation aborted. errorcode: 995, details: Bir iþ parçacýðý çýkýþý veya bir uygulama isteði nedeniyle G/Ç iþlemi iptal edildi.
AssetImportWorker is now disconnected from the server
Process exiting
Exiting without the bug reporter. Application will terminate with return code 0