Using pre-set license
Built from '2022.3/staging' branch; Version is '2022.3.44f1 (c3ae09b9f03c) revision 12824073'; Using compiler version '192829333'; Build Type 'Release'
OS: 'Windows 11  (10.0.22631) 64bit Professional' Language: 'tr' Physical Memory: 15791 MB
BatchMode: 1, IsHumanControllingUs: 0, StartBugReporterOnCrash: 0, Is64bit: 1, IsPro: 1

COMMAND LINE ARGUMENTS:
C:\Program Files\Unity\Hub\Editor\2022.3.44f1\Editor\Unity.exe
-adb2
-batchMode
-noUpm
-name
AssetImportWorker10
-projectPath
C:/Users/enesa/OneDrive/Belgeler/GitHub/ShoppingSimulator/Shopping Simulator
-logFile
Logs/AssetImportWorker10.log
-srvPort
59178
Successfully changed project path to: C:/Users/enesa/OneDrive/Belgeler/GitHub/ShoppingSimulator/Shopping Simulator
C:/Users/enesa/OneDrive/Belgeler/GitHub/ShoppingSimulator/Shopping Simulator
[UnityMemory] Configuration Parameters - Can be set up in boot.config
    "memorysetup-bucket-allocator-granularity=16"
    "memorysetup-bucket-allocator-bucket-count=8"
    "memorysetup-bucket-allocator-block-size=33554432"
    "memorysetup-bucket-allocator-block-count=8"
    "memorysetup-main-allocator-block-size=16777216"
    "memorysetup-thread-allocator-block-size=16777216"
    "memorysetup-gfx-main-allocator-block-size=16777216"
    "memorysetup-gfx-thread-allocator-block-size=16777216"
    "memorysetup-cache-allocator-block-size=4194304"
    "memorysetup-typetree-allocator-block-size=2097152"
    "memorysetup-profiler-bucket-allocator-granularity=16"
    "memorysetup-profiler-bucket-allocator-bucket-count=8"
    "memorysetup-profiler-bucket-allocator-block-size=33554432"
    "memorysetup-profiler-bucket-allocator-block-count=8"
    "memorysetup-profiler-allocator-block-size=16777216"
    "memorysetup-profiler-editor-allocator-block-size=1048576"
    "memorysetup-temp-allocator-size-main=16777216"
    "memorysetup-job-temp-allocator-block-size=2097152"
    "memorysetup-job-temp-allocator-block-size-background=1048576"
    "memorysetup-job-temp-allocator-reduction-small-platforms=262144"
    "memorysetup-allocator-temp-initial-block-size-main=262144"
    "memorysetup-allocator-temp-initial-block-size-worker=262144"
    "memorysetup-temp-allocator-size-background-worker=32768"
    "memorysetup-temp-allocator-size-job-worker=262144"
    "memorysetup-temp-allocator-size-preload-manager=33554432"
    "memorysetup-temp-allocator-size-nav-mesh-worker=65536"
    "memorysetup-temp-allocator-size-audio-worker=65536"
    "memorysetup-temp-allocator-size-cloud-worker=32768"
    "memorysetup-temp-allocator-size-gi-baking-worker=262144"
    "memorysetup-temp-allocator-size-gfx=262144"
Player connection [18104]  Target information:

Player connection [18104]  * "[IP] 10.63.146.71 [Port] 0 [Flags] 2 [Guid] 1868006928 [EditorId] 1868006928 [Version] 1048832 [Id] WindowsEditor(7,Asus) [Debug] 1 [PackageName] WindowsEditor [ProjectName] Editor" 

Player connection [18104] Host joined multi-casting on [225.0.0.222:54997]...
Player connection [18104] Host joined alternative multi-casting on [225.0.0.222:34997]...
[PhysX] Initialized MultithreadedTaskDispatcher with 16 workers.
Refreshing native plugins compatible for Editor in 12.24 ms, found 3 plugins.
Preloading 0 native plugins for Editor in 0.00 ms.
Initialize engine version: 2022.3.44f1 (c3ae09b9f03c)
[Subsystems] Discovering subsystems at path C:/Program Files/Unity/Hub/Editor/2022.3.44f1/Editor/Data/Resources/UnitySubsystems
[Subsystems] Discovering subsystems at path C:/Users/enesa/OneDrive/Belgeler/GitHub/ShoppingSimulator/Shopping Simulator/Assets
GfxDevice: creating device client; threaded=0; jobified=0
Direct3D:
    Version:  Direct3D 11.0 [level 11.1]
    Renderer: NVIDIA GeForce RTX 3050 Laptop GPU (ID=0x25a2)
    Vendor:   NVIDIA
    VRAM:     3964 MB
    Driver:   32.0.15.6607
Initialize mono
Mono path[0] = 'C:/Program Files/Unity/Hub/Editor/2022.3.44f1/Editor/Data/Managed'
Mono path[1] = 'C:/Program Files/Unity/Hub/Editor/2022.3.44f1/Editor/Data/MonoBleedingEdge/lib/mono/unityjit-win32'
Mono config path = 'C:/Program Files/Unity/Hub/Editor/2022.3.44f1/Editor/Data/MonoBleedingEdge/etc'
Using monoOptions --debugger-agent=transport=dt_socket,embedding=1,server=y,suspend=n,address=127.0.0.1:56728
Begin MonoManager ReloadAssembly
Registering precompiled unity dll's ...
Register platform support module: C:/Program Files/Unity/Hub/Editor/2022.3.44f1/Editor/Data/PlaybackEngines/AndroidPlayer/UnityEditor.Android.Extensions.dll
Register platform support module: C:/Program Files/Unity/Hub/Editor/2022.3.44f1/Editor/Data/PlaybackEngines/iOSSupport/UnityEditor.iOS.Extensions.dll
Register platform support module: C:/Program Files/Unity/Hub/Editor/2022.3.44f1/Editor/Data/PlaybackEngines/WindowsStandaloneSupport/UnityEditor.WindowsStandalone.Extensions.dll
Registered in 0.010032 seconds.
- Loaded All Assemblies, in  0.413 seconds
Native extension for WindowsStandalone target not found
[usbmuxd] Start listen thread
[usbmuxd] Listen thread started
Native extension for iOS target not found
Native extension for Android target not found
Android SDK Build-tools component is not found. Make sure all tools are installed in the SDK manager.
UnityEngine.StackTraceUtility:ExtractStackTrace ()
UnityEngine.DebugLogHandler:LogFormat (UnityEngine.LogType,UnityEngine.Object,string,object[])
UnityEngine.Logger:Log (UnityEngine.LogType,object)
UnityEngine.Debug:LogError (object)
UnityEditor.Android.AndroidSDKTools:UpdateToolsDirectories ()
UnityEditor.Android.AndroidSDKTools:.ctor (string)
UnityEditor.Android.AndroidSDKTools:CreateAndroidSDKTools (string)
UnityEditor.Android.AndroidSDKTools:GetInstance<UnityEditor.Android.AndroidSDKTools> (UnityEditor.Android.AndroidSDKTools/InstanceCreator)
UnityEditor.Android.AndroidSDKTools:GetInstance ()
UnityEditor.Android.AndroidDeploymentTargetsExtension:GetMainThreadContext (bool)
UnityEditor.Android.TargetExtension:OnUsbDevicesChanged (UnityEditor.Hardware.UsbDevice[])
UnityEditor.Android.TargetExtension:OnLoad ()
UnityEditor.Modules.ModuleManager:InitializePlatformSupportModules ()

Android Extension - Scanning For ADB Devices 283 ms
Mono: successfully reloaded assembly
- Finished resetting the current domain, in  0.602 seconds
Domain Reload Profiling: 1014ms
	BeginReloadAssembly (134ms)
		ExecutionOrderSort (0ms)
		DisableScriptedObjects (0ms)
		BackupInstance (0ms)
		ReleaseScriptingObjects (0ms)
		CreateAndSetChildDomain (1ms)
	RebuildCommonClasses (36ms)
	RebuildNativeTypeToScriptingClass (11ms)
	initialDomainReloadingComplete (61ms)
	LoadAllAssembliesAndSetupDomain (169ms)
		LoadAssemblies (133ms)
		RebuildTransferFunctionScriptingTraits (0ms)
		AnalyzeDomain (165ms)
			TypeCache.Refresh (164ms)
				TypeCache.ScanAssembly (148ms)
			ScanForSourceGeneratedMonoScriptInfo (0ms)
			ResolveRequiredComponents (0ms)
	FinalizeReload (603ms)
		ReleaseScriptCaches (0ms)
		RebuildScriptCaches (0ms)
		SetupLoadedEditorAssemblies (556ms)
			LogAssemblyErrors (0ms)
			InitializePlatformSupportModulesInManaged (372ms)
			SetLoadedEditorAssemblies (4ms)
			RefreshPlugins (0ms)
			BeforeProcessingInitializeOnLoad (2ms)
			ProcessInitializeOnLoadAttributes (128ms)
			ProcessInitializeOnLoadMethodAttributes (49ms)
			AfterProcessingInitializeOnLoad (0ms)
			EditorAssembliesLoaded (0ms)
		ExecutionOrderSort2 (0ms)
		AwakeInstancesAfterBackupRestoration (0ms)
========================================================================
Worker process is ready to serve import requests
Caller must complete domain reload
Begin MonoManager ReloadAssembly
- Loaded All Assemblies, in  0.693 seconds
Native extension for WindowsStandalone target not found
Native extension for iOS target not found
Native extension for Android target not found
Mono: successfully reloaded assembly
Package Manager log level set to [2]
[Package Manager] Server::EnsureServerProcessIsRunning -- launch failed, reason: Unity was launched with the -noUpm command-line argument
[Package Manager] UpmClient::Send -- Unable to send message (not connected to UPM process).
[Package Manager] Cannot connect to Unity Package Manager local server
[Package Manager] Server::EnsureServerProcessIsRunning -- launch failed, reason: Unity was launched with the -noUpm command-line argument
[Package Manager] UpmClient::Send -- Unable to send message (not connected to UPM process).
[Package Manager] Cannot connect to Unity Package Manager local server
- Finished resetting the current domain, in  0.581 seconds
Domain Reload Profiling: 1271ms
	BeginReloadAssembly (162ms)
		ExecutionOrderSort (0ms)
		DisableScriptedObjects (7ms)
		BackupInstance (0ms)
		ReleaseScriptingObjects (0ms)
		CreateAndSetChildDomain (27ms)
	RebuildCommonClasses (39ms)
	RebuildNativeTypeToScriptingClass (15ms)
	initialDomainReloadingComplete (44ms)
	LoadAllAssembliesAndSetupDomain (430ms)
		LoadAssemblies (358ms)
		RebuildTransferFunctionScriptingTraits (0ms)
		AnalyzeDomain (163ms)
			TypeCache.Refresh (139ms)
				TypeCache.ScanAssembly (121ms)
			ScanForSourceGeneratedMonoScriptInfo (16ms)
			ResolveRequiredComponents (7ms)
	FinalizeReload (581ms)
		ReleaseScriptCaches (0ms)
		RebuildScriptCaches (0ms)
		SetupLoadedEditorAssemblies (434ms)
			LogAssemblyErrors (0ms)
			InitializePlatformSupportModulesInManaged (28ms)
			SetLoadedEditorAssemblies (3ms)
			RefreshPlugins (0ms)
			BeforeProcessingInitializeOnLoad (62ms)
			ProcessInitializeOnLoadAttributes (316ms)
			ProcessInitializeOnLoadMethodAttributes (19ms)
			AfterProcessingInitializeOnLoad (6ms)
			EditorAssembliesLoaded (0ms)
		ExecutionOrderSort2 (0ms)
		AwakeInstancesAfterBackupRestoration (6ms)
Launched and connected shader compiler UnityShaderCompiler.exe after 0.05 seconds
Refreshing native plugins compatible for Editor in 5.57 ms, found 3 plugins.
Preloading 0 native plugins for Editor in 0.00 ms.
Unloading 3583 Unused Serialized files (Serialized files now loaded: 0)
Unloading 33 unused Assets / (137.2 KB). Loaded Objects now: 4056.
Memory consumption went from 135.1 MB to 135.0 MB.
Total: 4.396200 ms (FindLiveObjects: 0.453700 ms CreateObjectMapping: 0.117800 ms MarkObjects: 3.546100 ms  DeleteObjects: 0.276900 ms)

AssetImportParameters requested are different than current active one (requested -> active):
  custom:container-demuxer-ogg: 62fdf1f143b41e24485cea50d1cbac27 -> 
  custom:video-decoder-ogg-theora: a1e56fd34408186e4bbccfd4996cb3dc -> 
  custom:framework-win-MediaFoundation: 216162199b28c13a410421893ffa2e32 -> 
  custom:CustomObjectIndexerAttribute: 9a22284fe3817be447336de3de66b15e -> 
  custom:container-demuxer-webm: 4f35f7cbe854078d1ac9338744f61a02 -> 
  custom:container-muxer-webm: aa71ff27fc2769a1b78a27578f13a17b -> 
  custom:video-decoder-webm-vp8: 9c59270c3fd7afecdb556c50c9e8de78 -> 
  custom:SearchIndexIgnoredProperties: e643bd26f0fe6173181afceb89e7c659 -> 
  custom:AudioImporter_EditorPlatform: d09bf68614088b80899f8185d706f6e7 -> 
  custom:video-encoder-webm-vp8: eb34c28f22e8b96e1ab97ce403110664 -> 
  custom:audio-decoder-ogg-vorbis: bf7c407c2cedff20999df2af8eb42d56 -> 
  custom:audio-encoder-webm-vorbis: bf7c407c2cedff20999df2af8eb42d56 -> 
========================================================================
Received Import Request.
  Time since last request: 465751.532862 seconds.
  path: Assets/2D Game Design Mastery Fantasy Edition/Resources/Sprites/Levelup/Icon_Levelup_Bot_04.Png
  artifactKey: Guid(a0949c56fd73644f0bebdf8bbf8872f4) Importer(815301076,1909f56bfc062723c751e8b465ee728b)
Start importing Assets/2D Game Design Mastery Fantasy Edition/Resources/Sprites/Levelup/Icon_Levelup_Bot_04.Png using Guid(a0949c56fd73644f0bebdf8bbf8872f4) Importer(815301076,1909f56bfc062723c751e8b465ee728b) [PhysX] Initialized MultithreadedTaskDispatcher with 16 workers.
[PhysX] Initialized MultithreadedTaskDispatcher with 16 workers.
 -> (artifact id: '066fd83b3fdab6b4a81dd85393d4867b') in 0.133862 seconds
Number of updated asset objects reloaded before import = 0
Number of asset objects unloaded after import = 3
========================================================================
Received Import Request.
  Time since last request: 0.000043 seconds.
  path: Assets/2D Game Design Mastery Fantasy Edition/Resources/Sprites/Package/IconPackedGem/Icon_Packed_Gem_2.png
  artifactKey: Guid(bed301d23fede4edc8a2694e7d4edbe7) Importer(815301076,1909f56bfc062723c751e8b465ee728b)
Start importing Assets/2D Game Design Mastery Fantasy Edition/Resources/Sprites/Package/IconPackedGem/Icon_Packed_Gem_2.png using Guid(bed301d23fede4edc8a2694e7d4edbe7) Importer(815301076,1909f56bfc062723c751e8b465ee728b) [PhysX] Initialized MultithreadedTaskDispatcher with 16 workers.
[PhysX] Initialized MultithreadedTaskDispatcher with 16 workers.
 -> (artifact id: '7d7ada273a225b1218b8892c6af30562') in 0.035546 seconds
Number of updated asset objects reloaded before import = 0
Number of asset objects unloaded after import = 3
========================================================================
Received Import Request.
  Time since last request: 0.000079 seconds.
  path: Assets/2D Game Design Mastery Fantasy Edition/Resources/Sprites/Package/IconPackedGold/Icon_Packed_Gold_1.Png
  artifactKey: Guid(a62b03cf9b78d4533943c63cb55fcffd) Importer(815301076,1909f56bfc062723c751e8b465ee728b)
Start importing Assets/2D Game Design Mastery Fantasy Edition/Resources/Sprites/Package/IconPackedGold/Icon_Packed_Gold_1.Png using Guid(a62b03cf9b78d4533943c63cb55fcffd) Importer(815301076,1909f56bfc062723c751e8b465ee728b) [PhysX] Initialized MultithreadedTaskDispatcher with 16 workers.
[PhysX] Initialized MultithreadedTaskDispatcher with 16 workers.
 -> (artifact id: '83c62d3e4b7182120a51f5ecbf63802c') in 0.029805 seconds
Number of updated asset objects reloaded before import = 0
Number of asset objects unloaded after import = 3
========================================================================
Received Import Request.
  Time since last request: 0.176426 seconds.
  path: Assets/2D Game Design Mastery Fantasy Edition/Resources/Sprites/Package/IconPackedGold/Icon_Packed_Gold_5.Png
  artifactKey: Guid(35ba5a695a8654d5ea01b2ea828a58e1) Importer(815301076,1909f56bfc062723c751e8b465ee728b)
Start importing Assets/2D Game Design Mastery Fantasy Edition/Resources/Sprites/Package/IconPackedGold/Icon_Packed_Gold_5.Png using Guid(35ba5a695a8654d5ea01b2ea828a58e1) Importer(815301076,1909f56bfc062723c751e8b465ee728b) [PhysX] Initialized MultithreadedTaskDispatcher with 16 workers.
[PhysX] Initialized MultithreadedTaskDispatcher with 16 workers.
 -> (artifact id: '36ad1349805a9ace27cbc8241eaa2327') in 0.035750 seconds
Number of updated asset objects reloaded before import = 0
Number of asset objects unloaded after import = 3
========================================================================
Received Import Request.
  Time since last request: 0.000035 seconds.
  path: Assets/2D Game Design Mastery Fantasy Edition/Resources/Sprites/Package/IconPackedGold/Icon_Packed_Gold_7.Png
  artifactKey: Guid(f2fdb9b17dc0a4f0682afc764e2aab0d) Importer(815301076,1909f56bfc062723c751e8b465ee728b)
Start importing Assets/2D Game Design Mastery Fantasy Edition/Resources/Sprites/Package/IconPackedGold/Icon_Packed_Gold_7.Png using Guid(f2fdb9b17dc0a4f0682afc764e2aab0d) Importer(815301076,1909f56bfc062723c751e8b465ee728b) [PhysX] Initialized MultithreadedTaskDispatcher with 16 workers.
[PhysX] Initialized MultithreadedTaskDispatcher with 16 workers.
 -> (artifact id: '96f94ab31554d1dafda5f0b032fde57b') in 0.029868 seconds
Number of updated asset objects reloaded before import = 0
Number of asset objects unloaded after import = 3
========================================================================
Received Import Request.
  Time since last request: 3.793434 seconds.
  path: Assets/2D Game Design Mastery Fantasy Edition/Resources/Sprites/Icon/White/Icon_White_64/Icon_White_64_Lock_01.Png
  artifactKey: Guid(5c6d90eed31434ddca7e5f1a26f56503) Importer(815301076,1909f56bfc062723c751e8b465ee728b)
Start importing Assets/2D Game Design Mastery Fantasy Edition/Resources/Sprites/Icon/White/Icon_White_64/Icon_White_64_Lock_01.Png using Guid(5c6d90eed31434ddca7e5f1a26f56503) Importer(815301076,1909f56bfc062723c751e8b465ee728b) [PhysX] Initialized MultithreadedTaskDispatcher with 16 workers.
[PhysX] Initialized MultithreadedTaskDispatcher with 16 workers.
 -> (artifact id: '3c936bb0483fd081d8bfc3d1f1207941') in 0.032352 seconds
Number of updated asset objects reloaded before import = 0
Number of asset objects unloaded after import = 3
========================================================================
Received Import Request.
  Time since last request: 0.000030 seconds.
  path: Assets/2D Game Design Mastery Fantasy Edition/Resources/Sprites/Icon/White/Icon_White_64/Icon_White_64_Male.Png
  artifactKey: Guid(a3d33a7b1e0ed4e4eb87106884bfe443) Importer(815301076,1909f56bfc062723c751e8b465ee728b)
Start importing Assets/2D Game Design Mastery Fantasy Edition/Resources/Sprites/Icon/White/Icon_White_64/Icon_White_64_Male.Png using Guid(a3d33a7b1e0ed4e4eb87106884bfe443) Importer(815301076,1909f56bfc062723c751e8b465ee728b) [PhysX] Initialized MultithreadedTaskDispatcher with 16 workers.
[PhysX] Initialized MultithreadedTaskDispatcher with 16 workers.
 -> (artifact id: '276d891b81c41633c009ae8d9827958c') in 0.028253 seconds
Number of updated asset objects reloaded before import = 0
Number of asset objects unloaded after import = 3
========================================================================
Received Import Request.
  Time since last request: 0.000032 seconds.
  path: Assets/2D Game Design Mastery Fantasy Edition/Resources/Sprites/Icon/White/Icon_White_64/Icon_White_64_Map_02.Png
  artifactKey: Guid(4d1237688d3f444be8ad34c83d3fecfc) Importer(815301076,1909f56bfc062723c751e8b465ee728b)
Start importing Assets/2D Game Design Mastery Fantasy Edition/Resources/Sprites/Icon/White/Icon_White_64/Icon_White_64_Map_02.Png using Guid(4d1237688d3f444be8ad34c83d3fecfc) Importer(815301076,1909f56bfc062723c751e8b465ee728b) [PhysX] Initialized MultithreadedTaskDispatcher with 16 workers.
[PhysX] Initialized MultithreadedTaskDispatcher with 16 workers.
 -> (artifact id: '4e1b94c9e22b6fb562665b7a0369903a') in 0.027223 seconds
Number of updated asset objects reloaded before import = 0
Number of asset objects unloaded after import = 3
========================================================================
Received Import Request.
  Time since last request: 0.065990 seconds.
  path: Assets/2D Game Design Mastery Fantasy Edition/Resources/Sprites/Icon/White/Icon_White_64/Icon_White_64_Poition_02.Png
  artifactKey: Guid(ba4aed0b8f05a41f39171c3b86eeb88f) Importer(815301076,1909f56bfc062723c751e8b465ee728b)
Start importing Assets/2D Game Design Mastery Fantasy Edition/Resources/Sprites/Icon/White/Icon_White_64/Icon_White_64_Poition_02.Png using Guid(ba4aed0b8f05a41f39171c3b86eeb88f) Importer(815301076,1909f56bfc062723c751e8b465ee728b) [PhysX] Initialized MultithreadedTaskDispatcher with 16 workers.
[PhysX] Initialized MultithreadedTaskDispatcher with 16 workers.
 -> (artifact id: '922509b5d7f877a6a2d4167b8c1f9d24') in 0.027245 seconds
Number of updated asset objects reloaded before import = 0
Number of asset objects unloaded after import = 3
========================================================================
Received Import Request.
  Time since last request: 0.128013 seconds.
  path: Assets/2D Game Design Mastery Fantasy Edition/Resources/Sprites/Icon/White/Icon_White_64/Icon_White_64_Timer.Png
  artifactKey: Guid(380895f9b6182432ca34e9a5012bddb3) Importer(815301076,1909f56bfc062723c751e8b465ee728b)
Start importing Assets/2D Game Design Mastery Fantasy Edition/Resources/Sprites/Icon/White/Icon_White_64/Icon_White_64_Timer.Png using Guid(380895f9b6182432ca34e9a5012bddb3) Importer(815301076,1909f56bfc062723c751e8b465ee728b) [PhysX] Initialized MultithreadedTaskDispatcher with 16 workers.
[PhysX] Initialized MultithreadedTaskDispatcher with 16 workers.
 -> (artifact id: '1a2c13c8719b5b8f634434513dc57803') in 0.029579 seconds
Number of updated asset objects reloaded before import = 0
Number of asset objects unloaded after import = 3
========================================================================
Received Import Request.
  Time since last request: 0.096108 seconds.
  path: Assets/2D Game Design Mastery Fantasy Edition/Resources/Sprites/Icon/White/Icon_White_128/Icon_White_128_Back_02.Png
  artifactKey: Guid(547fc20addae6418086394e88f0eb231) Importer(815301076,1909f56bfc062723c751e8b465ee728b)
Start importing Assets/2D Game Design Mastery Fantasy Edition/Resources/Sprites/Icon/White/Icon_White_128/Icon_White_128_Back_02.Png using Guid(547fc20addae6418086394e88f0eb231) Importer(815301076,1909f56bfc062723c751e8b465ee728b) [PhysX] Initialized MultithreadedTaskDispatcher with 16 workers.
[PhysX] Initialized MultithreadedTaskDispatcher with 16 workers.
 -> (artifact id: '5066fa1c4b239bac161c127b1c8cd375') in 0.026760 seconds
Number of updated asset objects reloaded before import = 0
Number of asset objects unloaded after import = 3
========================================================================
Received Import Request.
  Time since last request: 0.000027 seconds.
  path: Assets/2D Game Design Mastery Fantasy Edition/Resources/Sprites/Icon/White/Icon_White_128/Icon_White_128_Battery_Charging.Png
  artifactKey: Guid(9df433f9478b44c2787cdf9b04eb2426) Importer(815301076,1909f56bfc062723c751e8b465ee728b)
Start importing Assets/2D Game Design Mastery Fantasy Edition/Resources/Sprites/Icon/White/Icon_White_128/Icon_White_128_Battery_Charging.Png using Guid(9df433f9478b44c2787cdf9b04eb2426) Importer(815301076,1909f56bfc062723c751e8b465ee728b) [PhysX] Initialized MultithreadedTaskDispatcher with 16 workers.
[PhysX] Initialized MultithreadedTaskDispatcher with 16 workers.
 -> (artifact id: '4ef0b3d3ee7bf339a3f8f41eeaa72dcb') in 0.022507 seconds
Number of updated asset objects reloaded before import = 0
Number of asset objects unloaded after import = 3
