Using pre-set license
Built from '2022.3/staging' branch; Version is '2022.3.44f1 (c3ae09b9f03c) revision 12824073'; Using compiler version '192829333'; Build Type 'Release'
OS: 'Windows 11  (10.0.22631) 64bit Professional' Language: 'tr' Physical Memory: 15791 MB
BatchMode: 1, IsHumanControllingUs: 0, StartBugReporterOnCrash: 0, Is64bit: 1, IsPro: 1

COMMAND LINE ARGUMENTS:
C:\Program Files\Unity\Hub\Editor\2022.3.44f1\Editor\Unity.exe
-adb2
-batchMode
-noUpm
-name
AssetImportWorker9
-projectPath
C:/Users/enesa/OneDrive/Belgeler/GitHub/ShoppingSimulator/Shopping Simulator
-logFile
Logs/AssetImportWorker9.log
-srvPort
59178
Successfully changed project path to: C:/Users/enesa/OneDrive/Belgeler/GitHub/ShoppingSimulator/Shopping Simulator
C:/Users/enesa/OneDrive/Belgeler/GitHub/ShoppingSimulator/Shopping Simulator
[UnityMemory] Configuration Parameters - Can be set up in boot.config
    "memorysetup-bucket-allocator-granularity=16"
    "memorysetup-bucket-allocator-bucket-count=8"
    "memorysetup-bucket-allocator-block-size=33554432"
    "memorysetup-bucket-allocator-block-count=8"
    "memorysetup-main-allocator-block-size=16777216"
    "memorysetup-thread-allocator-block-size=16777216"
    "memorysetup-gfx-main-allocator-block-size=16777216"
    "memorysetup-gfx-thread-allocator-block-size=16777216"
    "memorysetup-cache-allocator-block-size=4194304"
    "memorysetup-typetree-allocator-block-size=2097152"
    "memorysetup-profiler-bucket-allocator-granularity=16"
    "memorysetup-profiler-bucket-allocator-bucket-count=8"
    "memorysetup-profiler-bucket-allocator-block-size=33554432"
    "memorysetup-profiler-bucket-allocator-block-count=8"
    "memorysetup-profiler-allocator-block-size=16777216"
    "memorysetup-profiler-editor-allocator-block-size=1048576"
    "memorysetup-temp-allocator-size-main=16777216"
    "memorysetup-job-temp-allocator-block-size=2097152"
    "memorysetup-job-temp-allocator-block-size-background=1048576"
    "memorysetup-job-temp-allocator-reduction-small-platforms=262144"
    "memorysetup-allocator-temp-initial-block-size-main=262144"
    "memorysetup-allocator-temp-initial-block-size-worker=262144"
    "memorysetup-temp-allocator-size-background-worker=32768"
    "memorysetup-temp-allocator-size-job-worker=262144"
    "memorysetup-temp-allocator-size-preload-manager=33554432"
    "memorysetup-temp-allocator-size-nav-mesh-worker=65536"
    "memorysetup-temp-allocator-size-audio-worker=65536"
    "memorysetup-temp-allocator-size-cloud-worker=32768"
    "memorysetup-temp-allocator-size-gi-baking-worker=262144"
    "memorysetup-temp-allocator-size-gfx=262144"
Player connection [28984]  Target information:

Player connection [28984]  * "[IP] 10.63.146.71 [Port] 0 [Flags] 2 [Guid] 1717630627 [EditorId] 1717630627 [Version] 1048832 [Id] WindowsEditor(7,Asus) [Debug] 1 [PackageName] WindowsEditor [ProjectName] Editor" 

Player connection [28984] Host joined multi-casting on [225.0.0.222:54997]...
Player connection [28984] Host joined alternative multi-casting on [225.0.0.222:34997]...
[PhysX] Initialized MultithreadedTaskDispatcher with 16 workers.
Refreshing native plugins compatible for Editor in 11.95 ms, found 3 plugins.
Preloading 0 native plugins for Editor in 0.00 ms.
Initialize engine version: 2022.3.44f1 (c3ae09b9f03c)
[Subsystems] Discovering subsystems at path C:/Program Files/Unity/Hub/Editor/2022.3.44f1/Editor/Data/Resources/UnitySubsystems
[Subsystems] Discovering subsystems at path C:/Users/enesa/OneDrive/Belgeler/GitHub/ShoppingSimulator/Shopping Simulator/Assets
GfxDevice: creating device client; threaded=0; jobified=0
Direct3D:
    Version:  Direct3D 11.0 [level 11.1]
    Renderer: NVIDIA GeForce RTX 3050 Laptop GPU (ID=0x25a2)
    Vendor:   NVIDIA
    VRAM:     3964 MB
    Driver:   32.0.15.6607
Initialize mono
Mono path[0] = 'C:/Program Files/Unity/Hub/Editor/2022.3.44f1/Editor/Data/Managed'
Mono path[1] = 'C:/Program Files/Unity/Hub/Editor/2022.3.44f1/Editor/Data/MonoBleedingEdge/lib/mono/unityjit-win32'
Mono config path = 'C:/Program Files/Unity/Hub/Editor/2022.3.44f1/Editor/Data/MonoBleedingEdge/etc'
Using monoOptions --debugger-agent=transport=dt_socket,embedding=1,server=y,suspend=n,address=127.0.0.1:56544
Begin MonoManager ReloadAssembly
Registering precompiled unity dll's ...
Register platform support module: C:/Program Files/Unity/Hub/Editor/2022.3.44f1/Editor/Data/PlaybackEngines/AndroidPlayer/UnityEditor.Android.Extensions.dll
Register platform support module: C:/Program Files/Unity/Hub/Editor/2022.3.44f1/Editor/Data/PlaybackEngines/iOSSupport/UnityEditor.iOS.Extensions.dll
Register platform support module: C:/Program Files/Unity/Hub/Editor/2022.3.44f1/Editor/Data/PlaybackEngines/WindowsStandaloneSupport/UnityEditor.WindowsStandalone.Extensions.dll
Registered in 0.007687 seconds.
- Loaded All Assemblies, in  0.358 seconds
Native extension for WindowsStandalone target not found
[usbmuxd] Start listen thread
[usbmuxd] Listen thread started
Native extension for iOS target not found
Native extension for Android target not found
Android SDK Build-tools component is not found. Make sure all tools are installed in the SDK manager.
UnityEngine.StackTraceUtility:ExtractStackTrace ()
UnityEngine.DebugLogHandler:LogFormat (UnityEngine.LogType,UnityEngine.Object,string,object[])
UnityEngine.Logger:Log (UnityEngine.LogType,object)
UnityEngine.Debug:LogError (object)
UnityEditor.Android.AndroidSDKTools:UpdateToolsDirectories ()
UnityEditor.Android.AndroidSDKTools:.ctor (string)
UnityEditor.Android.AndroidSDKTools:CreateAndroidSDKTools (string)
UnityEditor.Android.AndroidSDKTools:GetInstance<UnityEditor.Android.AndroidSDKTools> (UnityEditor.Android.AndroidSDKTools/InstanceCreator)
UnityEditor.Android.AndroidSDKTools:GetInstance ()
UnityEditor.Android.AndroidDeploymentTargetsExtension:GetMainThreadContext (bool)
UnityEditor.Android.TargetExtension:OnUsbDevicesChanged (UnityEditor.Hardware.UsbDevice[])
UnityEditor.Android.TargetExtension:OnLoad ()
UnityEditor.Modules.ModuleManager:InitializePlatformSupportModules ()

Android Extension - Scanning For ADB Devices 267 ms
Mono: successfully reloaded assembly
- Finished resetting the current domain, in  0.553 seconds
Domain Reload Profiling: 910ms
	BeginReloadAssembly (114ms)
		ExecutionOrderSort (0ms)
		DisableScriptedObjects (0ms)
		BackupInstance (0ms)
		ReleaseScriptingObjects (0ms)
		CreateAndSetChildDomain (1ms)
	RebuildCommonClasses (37ms)
	RebuildNativeTypeToScriptingClass (11ms)
	initialDomainReloadingComplete (52ms)
	LoadAllAssembliesAndSetupDomain (142ms)
		LoadAssemblies (112ms)
		RebuildTransferFunctionScriptingTraits (0ms)
		AnalyzeDomain (139ms)
			TypeCache.Refresh (138ms)
				TypeCache.ScanAssembly (125ms)
			ScanForSourceGeneratedMonoScriptInfo (0ms)
			ResolveRequiredComponents (1ms)
	FinalizeReload (554ms)
		ReleaseScriptCaches (0ms)
		RebuildScriptCaches (0ms)
		SetupLoadedEditorAssemblies (512ms)
			LogAssemblyErrors (0ms)
			InitializePlatformSupportModulesInManaged (353ms)
			SetLoadedEditorAssemblies (4ms)
			RefreshPlugins (0ms)
			BeforeProcessingInitializeOnLoad (3ms)
			ProcessInitializeOnLoadAttributes (109ms)
			ProcessInitializeOnLoadMethodAttributes (42ms)
			AfterProcessingInitializeOnLoad (0ms)
			EditorAssembliesLoaded (0ms)
		ExecutionOrderSort2 (0ms)
		AwakeInstancesAfterBackupRestoration (0ms)
========================================================================
Worker process is ready to serve import requests
Caller must complete domain reload
Begin MonoManager ReloadAssembly
- Loaded All Assemblies, in  0.662 seconds
Native extension for WindowsStandalone target not found
Native extension for iOS target not found
Native extension for Android target not found
Mono: successfully reloaded assembly
Package Manager log level set to [2]
[Package Manager] Server::EnsureServerProcessIsRunning -- launch failed, reason: Unity was launched with the -noUpm command-line argument
[Package Manager] UpmClient::Send -- Unable to send message (not connected to UPM process).
[Package Manager] Cannot connect to Unity Package Manager local server
[Package Manager] Server::EnsureServerProcessIsRunning -- launch failed, reason: Unity was launched with the -noUpm command-line argument
[Package Manager] UpmClient::Send -- Unable to send message (not connected to UPM process).
[Package Manager] Cannot connect to Unity Package Manager local server
- Finished resetting the current domain, in  0.687 seconds
Domain Reload Profiling: 1346ms
	BeginReloadAssembly (147ms)
		ExecutionOrderSort (0ms)
		DisableScriptedObjects (5ms)
		BackupInstance (0ms)
		ReleaseScriptingObjects (0ms)
		CreateAndSetChildDomain (24ms)
	RebuildCommonClasses (36ms)
	RebuildNativeTypeToScriptingClass (11ms)
	initialDomainReloadingComplete (40ms)
	LoadAllAssembliesAndSetupDomain (426ms)
		LoadAssemblies (361ms)
		RebuildTransferFunctionScriptingTraits (0ms)
		AnalyzeDomain (152ms)
			TypeCache.Refresh (128ms)
				TypeCache.ScanAssembly (111ms)
			ScanForSourceGeneratedMonoScriptInfo (15ms)
			ResolveRequiredComponents (7ms)
	FinalizeReload (687ms)
		ReleaseScriptCaches (0ms)
		RebuildScriptCaches (0ms)
		SetupLoadedEditorAssemblies (541ms)
			LogAssemblyErrors (0ms)
			InitializePlatformSupportModulesInManaged (28ms)
			SetLoadedEditorAssemblies (3ms)
			RefreshPlugins (0ms)
			BeforeProcessingInitializeOnLoad (71ms)
			ProcessInitializeOnLoadAttributes (413ms)
			ProcessInitializeOnLoadMethodAttributes (20ms)
			AfterProcessingInitializeOnLoad (5ms)
			EditorAssembliesLoaded (0ms)
		ExecutionOrderSort2 (0ms)
		AwakeInstancesAfterBackupRestoration (5ms)
Launched and connected shader compiler UnityShaderCompiler.exe after 0.05 seconds
Refreshing native plugins compatible for Editor in 4.75 ms, found 3 plugins.
Preloading 0 native plugins for Editor in 0.00 ms.
Unloading 3583 Unused Serialized files (Serialized files now loaded: 0)
Unloading 33 unused Assets / (137.6 KB). Loaded Objects now: 4056.
Memory consumption went from 135.1 MB to 134.9 MB.
Total: 4.080600 ms (FindLiveObjects: 0.422700 ms CreateObjectMapping: 0.156400 ms MarkObjects: 3.293600 ms  DeleteObjects: 0.204600 ms)

AssetImportParameters requested are different than current active one (requested -> active):
  custom:container-demuxer-ogg: 62fdf1f143b41e24485cea50d1cbac27 -> 
  custom:video-decoder-ogg-theora: a1e56fd34408186e4bbccfd4996cb3dc -> 
  custom:framework-win-MediaFoundation: 216162199b28c13a410421893ffa2e32 -> 
  custom:CustomObjectIndexerAttribute: 9a22284fe3817be447336de3de66b15e -> 
  custom:container-demuxer-webm: 4f35f7cbe854078d1ac9338744f61a02 -> 
  custom:container-muxer-webm: aa71ff27fc2769a1b78a27578f13a17b -> 
  custom:video-decoder-webm-vp8: 9c59270c3fd7afecdb556c50c9e8de78 -> 
  custom:SearchIndexIgnoredProperties: e643bd26f0fe6173181afceb89e7c659 -> 
  custom:AudioImporter_EditorPlatform: d09bf68614088b80899f8185d706f6e7 -> 
  custom:video-encoder-webm-vp8: eb34c28f22e8b96e1ab97ce403110664 -> 
  custom:audio-decoder-ogg-vorbis: bf7c407c2cedff20999df2af8eb42d56 -> 
  custom:audio-encoder-webm-vorbis: bf7c407c2cedff20999df2af8eb42d56 -> 
========================================================================
Received Import Request.
  Time since last request: 465389.793159 seconds.
  path: Assets/CheckoutFrenzy/Prefabs/StoreRoof.prefab
  artifactKey: Guid(74299273ee11f20499ba6298917de40b) Importer(815301076,1909f56bfc062723c751e8b465ee728b)
Start importing Assets/CheckoutFrenzy/Prefabs/StoreRoof.prefab using Guid(74299273ee11f20499ba6298917de40b) Importer(815301076,1909f56bfc062723c751e8b465ee728b) [PhysX] Initialized MultithreadedTaskDispatcher with 16 workers.
[PhysX] Initialized MultithreadedTaskDispatcher with 16 workers.
 -> (artifact id: '3858b3f70d2a56c1a50c4343a59fcf4a') in 0.196748 seconds
Number of updated asset objects reloaded before import = 0
Number of asset objects unloaded after import = 36
========================================================================
Received Import Request.
  Time since last request: 3.174898 seconds.
  path: Assets/CheckoutFrenzy/Prefabs/Buildings/Wall_Corner.prefab
  artifactKey: Guid(ed2ca060bcf6f274cbbe52cdce38c48d) Importer(815301076,1909f56bfc062723c751e8b465ee728b)
Start importing Assets/CheckoutFrenzy/Prefabs/Buildings/Wall_Corner.prefab using Guid(ed2ca060bcf6f274cbbe52cdce38c48d) Importer(815301076,1909f56bfc062723c751e8b465ee728b) [PhysX] Initialized MultithreadedTaskDispatcher with 16 workers.
[PhysX] Initialized MultithreadedTaskDispatcher with 16 workers.
 -> (artifact id: 'aa5fe6208191ea1b5c336840cc42af32') in 0.038014 seconds
Number of updated asset objects reloaded before import = 0
Number of asset objects unloaded after import = 11
========================================================================
Received Import Request.
  Time since last request: 0.000061 seconds.
  path: Assets/CheckoutFrenzy/Prefabs/Buildings/Window.prefab
  artifactKey: Guid(3e1200bac7d56f04bbb351c4c6869c6d) Importer(815301076,1909f56bfc062723c751e8b465ee728b)
Start importing Assets/CheckoutFrenzy/Prefabs/Buildings/Window.prefab using Guid(3e1200bac7d56f04bbb351c4c6869c6d) Importer(815301076,1909f56bfc062723c751e8b465ee728b) [PhysX] Initialized MultithreadedTaskDispatcher with 16 workers.
[PhysX] Initialized MultithreadedTaskDispatcher with 16 workers.
 -> (artifact id: '28e8fba776783b3697ea5b15de33d88f') in 0.143469 seconds
Number of updated asset objects reloaded before import = 0
Number of asset objects unloaded after import = 11
========================================================================
Received Import Request.
  Time since last request: 0.661981 seconds.
  path: Assets/CheckoutFrenzy/Prefabs/Cars/SportsCar2.prefab
  artifactKey: Guid(0da531097dec22a499cd4ca39fd236c4) Importer(815301076,1909f56bfc062723c751e8b465ee728b)
Start importing Assets/CheckoutFrenzy/Prefabs/Cars/SportsCar2.prefab using Guid(0da531097dec22a499cd4ca39fd236c4) Importer(815301076,1909f56bfc062723c751e8b465ee728b) [PhysX] Initialized MultithreadedTaskDispatcher with 16 workers.
[PhysX] Initialized MultithreadedTaskDispatcher with 16 workers.
Refreshing native plugins compatible for Editor in 8.09 ms, found 3 plugins.
Preloading 0 native plugins for Editor in 0.00 ms.
 -> (artifact id: '5e31a866e24e21d763fecf2beb5f7efe') in 0.035472 seconds
Number of updated asset objects reloaded before import = 0
Number of asset objects unloaded after import = 61
========================================================================
Received Import Request.
  Time since last request: 8.840867 seconds.
  path: Assets/CheckoutFrenzy/Prefabs/CityKit/large_buildingD.prefab
  artifactKey: Guid(4f6513bca1d0d4b4fbdc795e41ea3131) Importer(815301076,1909f56bfc062723c751e8b465ee728b)
Start importing Assets/CheckoutFrenzy/Prefabs/CityKit/large_buildingD.prefab using Guid(4f6513bca1d0d4b4fbdc795e41ea3131) Importer(815301076,1909f56bfc062723c751e8b465ee728b) [PhysX] Initialized MultithreadedTaskDispatcher with 16 workers.
[PhysX] Initialized MultithreadedTaskDispatcher with 16 workers.
 -> (artifact id: '815a3add862f3af97fcdc8471db863ce') in 0.024427 seconds
Number of updated asset objects reloaded before import = 0
Number of asset objects unloaded after import = 12
========================================================================
Received Import Request.
  Time since last request: 0.000068 seconds.
  path: Assets/CheckoutFrenzy/Prefabs/CityKit/low_buildingD.prefab
  artifactKey: Guid(87d00ddde4befc34fb04459161b1a440) Importer(815301076,1909f56bfc062723c751e8b465ee728b)
Start importing Assets/CheckoutFrenzy/Prefabs/CityKit/low_buildingD.prefab using Guid(87d00ddde4befc34fb04459161b1a440) Importer(815301076,1909f56bfc062723c751e8b465ee728b) [PhysX] Initialized MultithreadedTaskDispatcher with 16 workers.
[PhysX] Initialized MultithreadedTaskDispatcher with 16 workers.
 -> (artifact id: '97baf9ecd3b7818111010912a6b25716') in 0.021465 seconds
Number of updated asset objects reloaded before import = 0
Number of asset objects unloaded after import = 9
========================================================================
Received Import Request.
  Time since last request: 0.000036 seconds.
  path: Assets/CheckoutFrenzy/Prefabs/CityKit/low_buildingJ.prefab
  artifactKey: Guid(cbc3f1f6f8f9853418c7340f2cfdc777) Importer(815301076,1909f56bfc062723c751e8b465ee728b)
Start importing Assets/CheckoutFrenzy/Prefabs/CityKit/low_buildingJ.prefab using Guid(cbc3f1f6f8f9853418c7340f2cfdc777) Importer(815301076,1909f56bfc062723c751e8b465ee728b) [PhysX] Initialized MultithreadedTaskDispatcher with 16 workers.
[PhysX] Initialized MultithreadedTaskDispatcher with 16 workers.
 -> (artifact id: 'f251b12da25105456d844def283d5799') in 0.029764 seconds
Number of updated asset objects reloaded before import = 0
Number of asset objects unloaded after import = 9
========================================================================
Received Import Request.
  Time since last request: 0.000028 seconds.
  path: Assets/CheckoutFrenzy/Prefabs/CityKit/large_buildingF.prefab
  artifactKey: Guid(b16c00df3bd4e9f41961e57226e782da) Importer(815301076,1909f56bfc062723c751e8b465ee728b)
Start importing Assets/CheckoutFrenzy/Prefabs/CityKit/large_buildingF.prefab using Guid(b16c00df3bd4e9f41961e57226e782da) Importer(815301076,1909f56bfc062723c751e8b465ee728b) [PhysX] Initialized MultithreadedTaskDispatcher with 16 workers.
[PhysX] Initialized MultithreadedTaskDispatcher with 16 workers.
 -> (artifact id: '7da99d95a61e13ab57ab0354f504bb98') in 0.021814 seconds
Number of updated asset objects reloaded before import = 0
Number of asset objects unloaded after import = 12
========================================================================
Received Import Request.
  Time since last request: 0.000025 seconds.
  path: Assets/CheckoutFrenzy/Prefabs/CityKit/low_buildingI.prefab
  artifactKey: Guid(0e079a484fa47e0499d0427d60e41ade) Importer(815301076,1909f56bfc062723c751e8b465ee728b)
Start importing Assets/CheckoutFrenzy/Prefabs/CityKit/low_buildingI.prefab using Guid(0e079a484fa47e0499d0427d60e41ade) Importer(815301076,1909f56bfc062723c751e8b465ee728b) [PhysX] Initialized MultithreadedTaskDispatcher with 16 workers.
[PhysX] Initialized MultithreadedTaskDispatcher with 16 workers.
 -> (artifact id: '341178d273312919f46bcb2132599a23') in 0.031916 seconds
Number of updated asset objects reloaded before import = 0
Number of asset objects unloaded after import = 9
========================================================================
Received Import Request.
  Time since last request: 0.000050 seconds.
  path: Assets/CheckoutFrenzy/Prefabs/CityKit/skyscraperB.prefab
  artifactKey: Guid(67d8ed31e532b4646b94b82f120ff956) Importer(815301076,1909f56bfc062723c751e8b465ee728b)
Start importing Assets/CheckoutFrenzy/Prefabs/CityKit/skyscraperB.prefab using Guid(67d8ed31e532b4646b94b82f120ff956) Importer(815301076,1909f56bfc062723c751e8b465ee728b) [PhysX] Initialized MultithreadedTaskDispatcher with 16 workers.
[PhysX] Initialized MultithreadedTaskDispatcher with 16 workers.
 -> (artifact id: '7b1f313d360a8acbbe8c01ccfd9e90db') in 0.029102 seconds
Number of updated asset objects reloaded before import = 0
Number of asset objects unloaded after import = 12
========================================================================
Received Import Request.
  Time since last request: 0.000044 seconds.
  path: Assets/CheckoutFrenzy/Prefabs/CityKit/skyscraperA.prefab
  artifactKey: Guid(c0b9cead893203b4e90409c839b5b037) Importer(815301076,1909f56bfc062723c751e8b465ee728b)
Start importing Assets/CheckoutFrenzy/Prefabs/CityKit/skyscraperA.prefab using Guid(c0b9cead893203b4e90409c839b5b037) Importer(815301076,1909f56bfc062723c751e8b465ee728b) [PhysX] Initialized MultithreadedTaskDispatcher with 16 workers.
[PhysX] Initialized MultithreadedTaskDispatcher with 16 workers.
 -> (artifact id: '8f61c5565fb7b545022ef43b324a2c7e') in 0.026758 seconds
Number of updated asset objects reloaded before import = 0
Number of asset objects unloaded after import = 12
========================================================================
Received Import Request.
  Time since last request: 0.000041 seconds.
  path: Assets/CheckoutFrenzy/Prefabs/CityKit/small_buildingA.prefab
  artifactKey: Guid(0a672aed05823194dbc8f07a0fbacce0) Importer(815301076,1909f56bfc062723c751e8b465ee728b)
Start importing Assets/CheckoutFrenzy/Prefabs/CityKit/small_buildingA.prefab using Guid(0a672aed05823194dbc8f07a0fbacce0) Importer(815301076,1909f56bfc062723c751e8b465ee728b) [PhysX] Initialized MultithreadedTaskDispatcher with 16 workers.
[PhysX] Initialized MultithreadedTaskDispatcher with 16 workers.
 -> (artifact id: '669de8ac733ba012e83c499657fb047a') in 0.030026 seconds
Number of updated asset objects reloaded before import = 0
Number of asset objects unloaded after import = 11
========================================================================
Received Import Request.
  Time since last request: 0.000042 seconds.
  path: Assets/CheckoutFrenzy/Prefabs/CityKit/low_buildingL.prefab
  artifactKey: Guid(73b9cee926385d04d8863dcee13530d1) Importer(815301076,1909f56bfc062723c751e8b465ee728b)
Start importing Assets/CheckoutFrenzy/Prefabs/CityKit/low_buildingL.prefab using Guid(73b9cee926385d04d8863dcee13530d1) Importer(815301076,1909f56bfc062723c751e8b465ee728b) [PhysX] Initialized MultithreadedTaskDispatcher with 16 workers.
[PhysX] Initialized MultithreadedTaskDispatcher with 16 workers.
 -> (artifact id: '7971046c4d5ab18ffcf22ab0e83601e6') in 0.033277 seconds
Number of updated asset objects reloaded before import = 0
Number of asset objects unloaded after import = 9
========================================================================
Received Import Request.
  Time since last request: 4.247039 seconds.
  path: Assets/CheckoutFrenzy/Prefabs/Customers/Men/Casual_Hoodie.prefab
  artifactKey: Guid(5a259929724620147ae297703b1b733c) Importer(815301076,1909f56bfc062723c751e8b465ee728b)
Start importing Assets/CheckoutFrenzy/Prefabs/Customers/Men/Casual_Hoodie.prefab using Guid(5a259929724620147ae297703b1b733c) Importer(815301076,1909f56bfc062723c751e8b465ee728b) [PhysX] Initialized MultithreadedTaskDispatcher with 16 workers.
[PhysX] Initialized MultithreadedTaskDispatcher with 16 workers.
 -> (artifact id: '61af6450a27de00e64f307ea21a66c93') in 0.250420 seconds
Number of updated asset objects reloaded before import = 0
Number of asset objects unloaded after import = 197
========================================================================
Received Import Request.
  Time since last request: 0.600551 seconds.
  path: Assets/CheckoutFrenzy/Prefabs/Customers/Women/Medieval.prefab
  artifactKey: Guid(eb9e369fb9cabd84291f8e533bbbe243) Importer(815301076,1909f56bfc062723c751e8b465ee728b)
Start importing Assets/CheckoutFrenzy/Prefabs/Customers/Women/Medieval.prefab using Guid(eb9e369fb9cabd84291f8e533bbbe243) Importer(815301076,1909f56bfc062723c751e8b465ee728b) [PhysX] Initialized MultithreadedTaskDispatcher with 16 workers.
[PhysX] Initialized MultithreadedTaskDispatcher with 16 workers.
 -> (artifact id: 'c08376264a421fda3b773914a28f2e6e') in 0.220764 seconds
Number of updated asset objects reloaded before import = 0
Number of asset objects unloaded after import = 197
========================================================================
Received Import Request.
  Time since last request: 1.418720 seconds.
  path: Assets/CheckoutFrenzy/Prefabs/Products/BottledWater01_A.prefab
  artifactKey: Guid(1862cea71848e2643a94927b2fcc7b5f) Importer(815301076,1909f56bfc062723c751e8b465ee728b)
Start importing Assets/CheckoutFrenzy/Prefabs/Products/BottledWater01_A.prefab using Guid(1862cea71848e2643a94927b2fcc7b5f) Importer(815301076,1909f56bfc062723c751e8b465ee728b) [PhysX] Initialized MultithreadedTaskDispatcher with 16 workers.
[PhysX] Initialized MultithreadedTaskDispatcher with 16 workers.
 -> (artifact id: '40718cf9ed4570b782c03ed15fef0d1c') in 0.026138 seconds
Number of updated asset objects reloaded before import = 0
Number of asset objects unloaded after import = 9
========================================================================
Received Import Request.
  Time since last request: 0.000068 seconds.
  path: Assets/CheckoutFrenzy/Prefabs/Products/Cheese01.prefab
  artifactKey: Guid(cd7358239e5038d4e8985543001d192d) Importer(815301076,1909f56bfc062723c751e8b465ee728b)
Start importing Assets/CheckoutFrenzy/Prefabs/Products/Cheese01.prefab using Guid(cd7358239e5038d4e8985543001d192d) Importer(815301076,1909f56bfc062723c751e8b465ee728b) [PhysX] Initialized MultithreadedTaskDispatcher with 16 workers.
[PhysX] Initialized MultithreadedTaskDispatcher with 16 workers.
 -> (artifact id: '965d5ea1cc28baae2064d1779ae9a008') in 0.030988 seconds
Number of updated asset objects reloaded before import = 0
Number of asset objects unloaded after import = 9
========================================================================
Received Import Request.
  Time since last request: 0.000047 seconds.
  path: Assets/CheckoutFrenzy/Prefabs/Products/Tomato.prefab
  artifactKey: Guid(a6e6ab33d9e9c8946bb9f9b5df92ccf0) Importer(815301076,1909f56bfc062723c751e8b465ee728b)
Start importing Assets/CheckoutFrenzy/Prefabs/Products/Tomato.prefab using Guid(a6e6ab33d9e9c8946bb9f9b5df92ccf0) Importer(815301076,1909f56bfc062723c751e8b465ee728b) [PhysX] Initialized MultithreadedTaskDispatcher with 16 workers.
[PhysX] Initialized MultithreadedTaskDispatcher with 16 workers.
 -> (artifact id: 'e561d769710bb4c645e126e54de13457') in 0.026306 seconds
Number of updated asset objects reloaded before import = 0
Number of asset objects unloaded after import = 9
========================================================================
Received Import Request.
  Time since last request: 0.000024 seconds.
  path: Assets/CheckoutFrenzy/Prefabs/Products/Egg01.prefab
  artifactKey: Guid(6367a3ce778e3dd4db18960ce01571cb) Importer(815301076,1909f56bfc062723c751e8b465ee728b)
Start importing Assets/CheckoutFrenzy/Prefabs/Products/Egg01.prefab using Guid(6367a3ce778e3dd4db18960ce01571cb) Importer(815301076,1909f56bfc062723c751e8b465ee728b) [PhysX] Initialized MultithreadedTaskDispatcher with 16 workers.
[PhysX] Initialized MultithreadedTaskDispatcher with 16 workers.
 -> (artifact id: '5c8e3d5da46b44fb9fe49933f575d255') in 0.028925 seconds
Number of updated asset objects reloaded before import = 0
Number of asset objects unloaded after import = 9
========================================================================
Received Import Request.
  Time since last request: 0.000034 seconds.
  path: Assets/CheckoutFrenzy/Prefabs/Products/BottledWater01_B.prefab
  artifactKey: Guid(584911cc313fb1b429ec4e1e7c04b5d4) Importer(815301076,1909f56bfc062723c751e8b465ee728b)
Start importing Assets/CheckoutFrenzy/Prefabs/Products/BottledWater01_B.prefab using Guid(584911cc313fb1b429ec4e1e7c04b5d4) Importer(815301076,1909f56bfc062723c751e8b465ee728b) [PhysX] Initialized MultithreadedTaskDispatcher with 16 workers.
[PhysX] Initialized MultithreadedTaskDispatcher with 16 workers.
 -> (artifact id: 'b784366867f5fe36e19bf3d26c82fb05') in 0.030444 seconds
Number of updated asset objects reloaded before import = 0
Number of asset objects unloaded after import = 9
========================================================================
Received Import Request.
  Time since last request: 0.000026 seconds.
  path: Assets/CheckoutFrenzy/Prefabs/Products/Supplement01.prefab
  artifactKey: Guid(2d5b91c193cbc2a44934bcaf4f5629a9) Importer(815301076,1909f56bfc062723c751e8b465ee728b)
Start importing Assets/CheckoutFrenzy/Prefabs/Products/Supplement01.prefab using Guid(2d5b91c193cbc2a44934bcaf4f5629a9) Importer(815301076,1909f56bfc062723c751e8b465ee728b) [PhysX] Initialized MultithreadedTaskDispatcher with 16 workers.
[PhysX] Initialized MultithreadedTaskDispatcher with 16 workers.
 -> (artifact id: '7dea472d3534be2c228ef05da5abc9ab') in 0.026589 seconds
Number of updated asset objects reloaded before import = 0
Number of asset objects unloaded after import = 9
========================================================================
Received Import Request.
  Time since last request: 8.010735 seconds.
  path: Assets/CheckoutFrenzy/Prefabs/Props/StreetLight.prefab
  artifactKey: Guid(75cba8b563faba94193bf60da63a06f5) Importer(815301076,1909f56bfc062723c751e8b465ee728b)
Start importing Assets/CheckoutFrenzy/Prefabs/Props/StreetLight.prefab using Guid(75cba8b563faba94193bf60da63a06f5) Importer(815301076,1909f56bfc062723c751e8b465ee728b) [PhysX] Initialized MultithreadedTaskDispatcher with 16 workers.
[PhysX] Initialized MultithreadedTaskDispatcher with 16 workers.
 -> (artifact id: 'b7253ba851176f8490411e30f1a76b22') in 0.033815 seconds
Number of updated asset objects reloaded before import = 0
Number of asset objects unloaded after import = 23
========================================================================
Received Import Request.
  Time since last request: 3.858170 seconds.
  path: Assets/CheckoutFrenzy/Prefabs/UI/FurnitureListing.prefab
  artifactKey: Guid(03ae4c3d52bc1c14d8dad6bf7af53110) Importer(815301076,1909f56bfc062723c751e8b465ee728b)
Start importing Assets/CheckoutFrenzy/Prefabs/UI/FurnitureListing.prefab using Guid(03ae4c3d52bc1c14d8dad6bf7af53110) Importer(815301076,1909f56bfc062723c751e8b465ee728b) [PhysX] Initialized MultithreadedTaskDispatcher with 16 workers.
 -> (artifact id: 'ae9b6c8d4b76f27d8ea33ef104e0311b') in 0.031178 seconds
Number of updated asset objects reloaded before import = 0
Number of asset objects unloaded after import = 69
========================================================================
Received Import Request.
  Time since last request: 4.568929 seconds.
  path: Assets/CheckoutFrenzy/Resources/Furnitures/Rack01.prefab
  artifactKey: Guid(1ef72f68ec1210d4797792da65fadeba) Importer(815301076,1909f56bfc062723c751e8b465ee728b)
Start importing Assets/CheckoutFrenzy/Resources/Furnitures/Rack01.prefab using Guid(1ef72f68ec1210d4797792da65fadeba) Importer(815301076,1909f56bfc062723c751e8b465ee728b) [PhysX] Initialized MultithreadedTaskDispatcher with 16 workers.
[PhysX] Initialized MultithreadedTaskDispatcher with 16 workers.
 -> (artifact id: '66684445e767c52c392493852b9f0b91') in 0.043578 seconds
Number of updated asset objects reloaded before import = 0
Number of asset objects unloaded after import = 70
========================================================================
Received Import Request.
  Time since last request: 0.552597 seconds.
  path: Assets/CheckoutFrenzy/Resources/Licenses/License04.asset
  artifactKey: Guid(cc9994319fee39343a87d2da6ca50774) Importer(815301076,1909f56bfc062723c751e8b465ee728b)
Start importing Assets/CheckoutFrenzy/Resources/Licenses/License04.asset using Guid(cc9994319fee39343a87d2da6ca50774) Importer(815301076,1909f56bfc062723c751e8b465ee728b) [PhysX] Initialized MultithreadedTaskDispatcher with 16 workers.
 -> (artifact id: 'e577ecbd7f69c6408c03de5692101356') in 0.013125 seconds
Number of updated asset objects reloaded before import = 0
Number of asset objects unloaded after import = 77
========================================================================
Received Import Request.
  Time since last request: 22.149505 seconds.
  path: Assets/CheckoutFrenzy/Resources/Products/BottledWater01_A.asset
  artifactKey: Guid(21a03a2d783381845853abe544e4d078) Importer(815301076,1909f56bfc062723c751e8b465ee728b)
Start importing Assets/CheckoutFrenzy/Resources/Products/BottledWater01_A.asset using Guid(21a03a2d783381845853abe544e4d078) Importer(815301076,1909f56bfc062723c751e8b465ee728b) [PhysX] Initialized MultithreadedTaskDispatcher with 16 workers.
 -> (artifact id: '713b9dc7c526bbb63e97660bb9c6bdfb') in 0.005402 seconds
Number of updated asset objects reloaded before import = 0
Number of asset objects unloaded after import = 30
========================================================================
Received Import Request.
  Time since last request: 0.003754 seconds.
  path: Assets/CheckoutFrenzy/Resources/Products/Egg01.asset
  artifactKey: Guid(bedb01205d848cf49972ca51ba4a59f5) Importer(815301076,1909f56bfc062723c751e8b465ee728b)
Start importing Assets/CheckoutFrenzy/Resources/Products/Egg01.asset using Guid(bedb01205d848cf49972ca51ba4a59f5) Importer(815301076,1909f56bfc062723c751e8b465ee728b) [PhysX] Initialized MultithreadedTaskDispatcher with 16 workers.
 -> (artifact id: 'c706cb48430a92f52751464658da4e61') in 0.003676 seconds
Number of updated asset objects reloaded before import = 0
Number of asset objects unloaded after import = 30
========================================================================
Received Import Request.
  Time since last request: 0.003538 seconds.
  path: Assets/CheckoutFrenzy/Resources/Products/Juice01_B.asset
  artifactKey: Guid(b6668af24c1aa5b4e91e6e3cb4a8c962) Importer(815301076,1909f56bfc062723c751e8b465ee728b)
Start importing Assets/CheckoutFrenzy/Resources/Products/Juice01_B.asset using Guid(b6668af24c1aa5b4e91e6e3cb4a8c962) Importer(815301076,1909f56bfc062723c751e8b465ee728b) [PhysX] Initialized MultithreadedTaskDispatcher with 16 workers.
 -> (artifact id: '5bdb5018c76ba848743853d58a11dbf4') in 0.003689 seconds
Number of updated asset objects reloaded before import = 0
Number of asset objects unloaded after import = 30
========================================================================
Received Import Request.
  Time since last request: 0.006635 seconds.
  path: Assets/CheckoutFrenzy/Resources/Products/Supplement01.asset
  artifactKey: Guid(61cdd2b3be6b4d84fbeaf2dbd153316b) Importer(815301076,1909f56bfc062723c751e8b465ee728b)
Start importing Assets/CheckoutFrenzy/Resources/Products/Supplement01.asset using Guid(61cdd2b3be6b4d84fbeaf2dbd153316b) Importer(815301076,1909f56bfc062723c751e8b465ee728b) [PhysX] Initialized MultithreadedTaskDispatcher with 16 workers.
 -> (artifact id: '96afa100e7a2b1710dbdc07c6b3fb9a7') in 0.004284 seconds
Number of updated asset objects reloaded before import = 0
Number of asset objects unloaded after import = 30
Editor requested this worker to shutdown with reason: Scaling down because of idle timeout
TcpMessagingSession - receive error: operation aborted. errorcode: 995, details: Bir iþ parçacýðý çýkýþý veya bir uygulama isteði nedeniyle G/Ç iþlemi iptal edildi.
AssetImportWorker is now disconnected from the server
Process exiting
Exiting without the bug reporter. Application will terminate with return code 0